{"/Users/sofiakristiansen/Desktop/Grupparbete-projekt/grupp03-redriver/client/src/App.js": {"path":"/Users/sofiakristiansen/Desktop/Grupparbete-projekt/grupp03-redriver/client/src/App.js","statementMap":{"0":{"start":{"line":52,"column":8},"end":{"line":52,"column":21}},"1":{"start":{"line":54,"column":8},"end":{"line":61,"column":10}},"2":{"start":{"line":62,"column":8},"end":{"line":62,"column":57}},"3":{"start":{"line":63,"column":8},"end":{"line":63,"column":53}},"4":{"start":{"line":73,"column":8},"end":{"line":75,"column":11}},"5":{"start":{"line":76,"column":8},"end":{"line":76,"column":41}},"6":{"start":{"line":77,"column":8},"end":{"line":77,"column":44}},"7":{"start":{"line":82,"column":8},"end":{"line":86,"column":11}},"8":{"start":{"line":96,"column":8},"end":{"line":99,"column":11}},"9":{"start":{"line":101,"column":8},"end":{"line":103,"column":17}},"10":{"start":{"line":102,"column":12},"end":{"line":102,"column":33}},"11":{"start":{"line":113,"column":8},"end":{"line":116,"column":11}},"12":{"start":{"line":126,"column":8},"end":{"line":183,"column":10}},"13":{"start":{"line":193,"column":27},"end":{"line":197,"column":5}},"14":{"start":{"line":194,"column":8},"end":{"line":196,"column":11}},"15":{"start":{"line":207,"column":8},"end":{"line":232,"column":9}},"16":{"start":{"line":209,"column":24},"end":{"line":209,"column":65}},"17":{"start":{"line":211,"column":12},"end":{"line":225,"column":15}},"18":{"start":{"line":213,"column":20},"end":{"line":213,"column":42}},"19":{"start":{"line":214,"column":20},"end":{"line":219,"column":23}},"20":{"start":{"line":221,"column":16},"end":{"line":224,"column":19}},"21":{"start":{"line":228,"column":12},"end":{"line":231,"column":15}},"22":{"start":{"line":244,"column":8},"end":{"line":269,"column":9}},"23":{"start":{"line":246,"column":24},"end":{"line":246,"column":65}},"24":{"start":{"line":248,"column":12},"end":{"line":268,"column":13}},"25":{"start":{"line":250,"column":16},"end":{"line":267,"column":17}},"26":{"start":{"line":252,"column":20},"end":{"line":266,"column":23}},"27":{"start":{"line":254,"column":28},"end":{"line":254,"column":50}},"28":{"start":{"line":255,"column":28},"end":{"line":260,"column":31}},"29":{"start":{"line":262,"column":24},"end":{"line":265,"column":27}},"30":{"start":{"line":275,"column":4},"end":{"line":338,"column":6}},"31":{"start":{"line":302,"column":78},"end":{"line":302,"column":111}},"32":{"start":{"line":303,"column":70},"end":{"line":303,"column":100}},"33":{"start":{"line":304,"column":72},"end":{"line":304,"column":105}},"34":{"start":{"line":305,"column":73},"end":{"line":305,"column":103}},"35":{"start":{"line":306,"column":70},"end":{"line":306,"column":130}},"36":{"start":{"line":307,"column":73},"end":{"line":307,"column":136}},"37":{"start":{"line":308,"column":73},"end":{"line":308,"column":106}},"38":{"start":{"line":309,"column":79},"end":{"line":309,"column":148}}},"fnMap":{"0":{"name":"(anonymous_0)","decl":{"start":{"line":51,"column":4},"end":{"line":51,"column":5}},"loc":{"start":{"line":51,"column":22},"end":{"line":64,"column":5}},"line":51},"1":{"name":"(anonymous_1)","decl":{"start":{"line":72,"column":4},"end":{"line":72,"column":5}},"loc":{"start":{"line":72,"column":17},"end":{"line":78,"column":5}},"line":72},"2":{"name":"(anonymous_2)","decl":{"start":{"line":80,"column":4},"end":{"line":80,"column":5}},"loc":{"start":{"line":80,"column":21},"end":{"line":87,"column":5}},"line":80},"3":{"name":"(anonymous_3)","decl":{"start":{"line":95,"column":19},"end":{"line":95,"column":20}},"loc":{"start":{"line":95,"column":32},"end":{"line":104,"column":5}},"line":95},"4":{"name":"(anonymous_4)","decl":{"start":{"line":101,"column":19},"end":{"line":101,"column":20}},"loc":{"start":{"line":101,"column":25},"end":{"line":103,"column":9}},"line":101},"5":{"name":"(anonymous_5)","decl":{"start":{"line":112,"column":20},"end":{"line":112,"column":21}},"loc":{"start":{"line":112,"column":26},"end":{"line":117,"column":5}},"line":112},"6":{"name":"(anonymous_6)","decl":{"start":{"line":125,"column":18},"end":{"line":125,"column":19}},"loc":{"start":{"line":125,"column":24},"end":{"line":185,"column":5}},"line":125},"7":{"name":"(anonymous_7)","decl":{"start":{"line":193,"column":17},"end":{"line":193,"column":18}},"loc":{"start":{"line":193,"column":27},"end":{"line":197,"column":5}},"line":193},"8":{"name":"(anonymous_8)","decl":{"start":{"line":193,"column":27},"end":{"line":193,"column":28}},"loc":{"start":{"line":193,"column":33},"end":{"line":197,"column":5}},"line":193},"9":{"name":"(anonymous_9)","decl":{"start":{"line":205,"column":4},"end":{"line":205,"column":5}},"loc":{"start":{"line":205,"column":25},"end":{"line":234,"column":5}},"line":205},"10":{"name":"(anonymous_10)","decl":{"start":{"line":212,"column":22},"end":{"line":212,"column":23}},"loc":{"start":{"line":212,"column":36},"end":{"line":220,"column":17}},"line":212},"11":{"name":"(anonymous_11)","decl":{"start":{"line":220,"column":25},"end":{"line":220,"column":26}},"loc":{"start":{"line":220,"column":36},"end":{"line":225,"column":13}},"line":220},"12":{"name":"(anonymous_12)","decl":{"start":{"line":242,"column":4},"end":{"line":242,"column":5}},"loc":{"start":{"line":242,"column":26},"end":{"line":270,"column":5}},"line":242},"13":{"name":"(anonymous_13)","decl":{"start":{"line":253,"column":30},"end":{"line":253,"column":31}},"loc":{"start":{"line":253,"column":44},"end":{"line":261,"column":25}},"line":253},"14":{"name":"(anonymous_14)","decl":{"start":{"line":261,"column":33},"end":{"line":261,"column":34}},"loc":{"start":{"line":261,"column":44},"end":{"line":266,"column":21}},"line":261},"15":{"name":"(anonymous_15)","decl":{"start":{"line":273,"column":4},"end":{"line":273,"column":5}},"loc":{"start":{"line":273,"column":13},"end":{"line":339,"column":3}},"line":273},"16":{"name":"(anonymous_16)","decl":{"start":{"line":302,"column":72},"end":{"line":302,"column":73}},"loc":{"start":{"line":302,"column":78},"end":{"line":302,"column":111}},"line":302},"17":{"name":"(anonymous_17)","decl":{"start":{"line":303,"column":64},"end":{"line":303,"column":65}},"loc":{"start":{"line":303,"column":70},"end":{"line":303,"column":100}},"line":303},"18":{"name":"(anonymous_18)","decl":{"start":{"line":304,"column":66},"end":{"line":304,"column":67}},"loc":{"start":{"line":304,"column":72},"end":{"line":304,"column":105}},"line":304},"19":{"name":"(anonymous_19)","decl":{"start":{"line":305,"column":67},"end":{"line":305,"column":68}},"loc":{"start":{"line":305,"column":73},"end":{"line":305,"column":103}},"line":305},"20":{"name":"(anonymous_20)","decl":{"start":{"line":306,"column":64},"end":{"line":306,"column":65}},"loc":{"start":{"line":306,"column":70},"end":{"line":306,"column":130}},"line":306},"21":{"name":"(anonymous_21)","decl":{"start":{"line":307,"column":67},"end":{"line":307,"column":68}},"loc":{"start":{"line":307,"column":73},"end":{"line":307,"column":136}},"line":307},"22":{"name":"(anonymous_22)","decl":{"start":{"line":308,"column":67},"end":{"line":308,"column":68}},"loc":{"start":{"line":308,"column":73},"end":{"line":308,"column":106}},"line":308},"23":{"name":"(anonymous_23)","decl":{"start":{"line":309,"column":73},"end":{"line":309,"column":74}},"loc":{"start":{"line":309,"column":79},"end":{"line":309,"column":148}},"line":309}},"branchMap":{"0":{"loc":{"start":{"line":207,"column":8},"end":{"line":232,"column":9}},"type":"if","locations":[{"start":{"line":207,"column":8},"end":{"line":232,"column":9}},{"start":{"line":207,"column":8},"end":{"line":232,"column":9}}],"line":207},"1":{"loc":{"start":{"line":244,"column":8},"end":{"line":269,"column":9}},"type":"if","locations":[{"start":{"line":244,"column":8},"end":{"line":269,"column":9}},{"start":{"line":244,"column":8},"end":{"line":269,"column":9}}],"line":244},"2":{"loc":{"start":{"line":248,"column":12},"end":{"line":268,"column":13}},"type":"if","locations":[{"start":{"line":248,"column":12},"end":{"line":268,"column":13}},{"start":{"line":248,"column":12},"end":{"line":268,"column":13}}],"line":248},"3":{"loc":{"start":{"line":250,"column":16},"end":{"line":267,"column":17}},"type":"if","locations":[{"start":{"line":250,"column":16},"end":{"line":267,"column":17}},{"start":{"line":250,"column":16},"end":{"line":267,"column":17}}],"line":250},"4":{"loc":{"start":{"line":278,"column":17},"end":{"line":335,"column":17}},"type":"cond-expr","locations":[{"start":{"line":279,"column":20},"end":{"line":330,"column":26}},{"start":{"line":332,"column":20},"end":{"line":334,"column":26}}],"line":278},"5":{"loc":{"start":{"line":292,"column":37},"end":{"line":298,"column":37}},"type":"cond-expr","locations":[{"start":{"line":293,"column":40},"end":{"line":295,"column":53}},{"start":{"line":297,"column":40},"end":{"line":297,"column":48}}],"line":292}},"s":{"0":1,"1":1,"2":1,"3":1,"4":0,"5":0,"6":0,"7":0,"8":0,"9":0,"10":0,"11":0,"12":1,"13":3,"14":0,"15":1,"16":0,"17":0,"18":0,"19":0,"20":0,"21":1,"22":0,"23":0,"24":0,"25":0,"26":0,"27":0,"28":0,"29":0,"30":1,"31":0,"32":0,"33":0,"34":0,"35":0,"36":0,"37":0,"38":0},"f":{"0":1,"1":0,"2":0,"3":0,"4":0,"5":0,"6":1,"7":3,"8":0,"9":1,"10":0,"11":0,"12":0,"13":0,"14":0,"15":1,"16":0,"17":0,"18":0,"19":0,"20":0,"21":0,"22":0,"23":0},"b":{"0":[0,1],"1":[0,0],"2":[0,0],"3":[0,0],"4":[1,0],"5":[0,1]},"_coverageSchema":"332fd63041d2c1bcb487cc26dd0d5f7d97098a6c","hash":"84823c489ec79d3242fba0e12e6770b17e4719be"}
,"/Users/sofiakristiansen/Desktop/Grupparbete-projekt/grupp03-redriver/client/src/LocalStorageMock.js": {"path":"/Users/sofiakristiansen/Desktop/Grupparbete-projekt/grupp03-redriver/client/src/LocalStorageMock.js","statementMap":{"0":{"start":{"line":3,"column":4},"end":{"line":3,"column":19}},"1":{"start":{"line":7,"column":4},"end":{"line":7,"column":19}},"2":{"start":{"line":11,"column":4},"end":{"line":11,"column":34}},"3":{"start":{"line":15,"column":4},"end":{"line":15,"column":27}},"4":{"start":{"line":19,"column":4},"end":{"line":19,"column":26}},"5":{"start":{"line":23,"column":0},"end":{"line":23,"column":43}}},"fnMap":{"0":{"name":"(anonymous_0)","decl":{"start":{"line":2,"column":2},"end":{"line":2,"column":3}},"loc":{"start":{"line":2,"column":16},"end":{"line":4,"column":3}},"line":2},"1":{"name":"(anonymous_1)","decl":{"start":{"line":6,"column":2},"end":{"line":6,"column":3}},"loc":{"start":{"line":6,"column":10},"end":{"line":8,"column":3}},"line":6},"2":{"name":"(anonymous_2)","decl":{"start":{"line":10,"column":2},"end":{"line":10,"column":3}},"loc":{"start":{"line":10,"column":15},"end":{"line":12,"column":3}},"line":10},"3":{"name":"(anonymous_3)","decl":{"start":{"line":14,"column":2},"end":{"line":14,"column":3}},"loc":{"start":{"line":14,"column":22},"end":{"line":16,"column":3}},"line":14},"4":{"name":"(anonymous_4)","decl":{"start":{"line":18,"column":2},"end":{"line":18,"column":3}},"loc":{"start":{"line":18,"column":18},"end":{"line":20,"column":3}},"line":18}},"branchMap":{"0":{"loc":{"start":{"line":11,"column":11},"end":{"line":11,"column":34}},"type":"binary-expr","locations":[{"start":{"line":11,"column":11},"end":{"line":11,"column":26}},{"start":{"line":11,"column":30},"end":{"line":11,"column":34}}],"line":11}},"s":{"0":20,"1":0,"2":1,"3":0,"4":0,"5":20},"f":{"0":20,"1":0,"2":1,"3":0,"4":0},"b":{"0":[1,1]},"_coverageSchema":"332fd63041d2c1bcb487cc26dd0d5f7d97098a6c","hash":"49b007f51c1686ecf45a2fe4e2b53bb7938b104e"}
,"/Users/sofiakristiansen/Desktop/Grupparbete-projekt/grupp03-redriver/client/src/component/account/UserAccount.js": {"path":"/Users/sofiakristiansen/Desktop/Grupparbete-projekt/grupp03-redriver/client/src/component/account/UserAccount.js","statementMap":{"0":{"start":{"line":21,"column":8},"end":{"line":21,"column":21}},"1":{"start":{"line":23,"column":8},"end":{"line":25,"column":10}},"2":{"start":{"line":31,"column":8},"end":{"line":33,"column":9}},"3":{"start":{"line":32,"column":12},"end":{"line":32,"column":43}},"4":{"start":{"line":35,"column":8},"end":{"line":70,"column":10}}},"fnMap":{"0":{"name":"(anonymous_0)","decl":{"start":{"line":20,"column":4},"end":{"line":20,"column":5}},"loc":{"start":{"line":20,"column":22},"end":{"line":27,"column":5}},"line":20},"1":{"name":"(anonymous_1)","decl":{"start":{"line":29,"column":4},"end":{"line":29,"column":5}},"loc":{"start":{"line":29,"column":13},"end":{"line":71,"column":5}},"line":29}},"branchMap":{"0":{"loc":{"start":{"line":31,"column":8},"end":{"line":33,"column":9}},"type":"if","locations":[{"start":{"line":31,"column":8},"end":{"line":33,"column":9}},{"start":{"line":31,"column":8},"end":{"line":33,"column":9}}],"line":31}},"s":{"0":1,"1":1,"2":1,"3":0,"4":1},"f":{"0":1,"1":1},"b":{"0":[0,1]},"_coverageSchema":"332fd63041d2c1bcb487cc26dd0d5f7d97098a6c","hash":"9be7073f8ce1150e8baf88e03ac15d302e587db7"}
,"/Users/sofiakristiansen/Desktop/Grupparbete-projekt/grupp03-redriver/client/src/component/authentication/Login.js": {"path":"/Users/sofiakristiansen/Desktop/Grupparbete-projekt/grupp03-redriver/client/src/component/authentication/Login.js","statementMap":{"0":{"start":{"line":28,"column":8},"end":{"line":28,"column":21}},"1":{"start":{"line":30,"column":8},"end":{"line":34,"column":10}},"2":{"start":{"line":36,"column":8},"end":{"line":36,"column":57}},"3":{"start":{"line":45,"column":27},"end":{"line":49,"column":5}},"4":{"start":{"line":46,"column":8},"end":{"line":48,"column":11}},"5":{"start":{"line":59,"column":8},"end":{"line":59,"column":32}},"6":{"start":{"line":61,"column":8},"end":{"line":64,"column":9}},"7":{"start":{"line":63,"column":12},"end":{"line":63,"column":76}},"8":{"start":{"line":67,"column":8},"end":{"line":77,"column":11}},"9":{"start":{"line":70,"column":16},"end":{"line":70,"column":38}},"10":{"start":{"line":71,"column":16},"end":{"line":71,"column":83}},"11":{"start":{"line":72,"column":16},"end":{"line":72,"column":89}},"12":{"start":{"line":75,"column":12},"end":{"line":75,"column":29}},"13":{"start":{"line":76,"column":12},"end":{"line":76,"column":75}},"14":{"start":{"line":88,"column":22},"end":{"line":92,"column":9}},"15":{"start":{"line":94,"column":8},"end":{"line":94,"column":45}},"16":{"start":{"line":96,"column":8},"end":{"line":101,"column":11}},"17":{"start":{"line":106,"column":8},"end":{"line":108,"column":9}},"18":{"start":{"line":107,"column":12},"end":{"line":107,"column":38}},"19":{"start":{"line":110,"column":8},"end":{"line":162,"column":10}}},"fnMap":{"0":{"name":"(anonymous_0)","decl":{"start":{"line":27,"column":4},"end":{"line":27,"column":5}},"loc":{"start":{"line":27,"column":22},"end":{"line":37,"column":5}},"line":27},"1":{"name":"(anonymous_1)","decl":{"start":{"line":45,"column":19},"end":{"line":45,"column":20}},"loc":{"start":{"line":45,"column":27},"end":{"line":49,"column":5}},"line":45},"2":{"name":"(anonymous_2)","decl":{"start":{"line":45,"column":27},"end":{"line":45,"column":28}},"loc":{"start":{"line":45,"column":36},"end":{"line":49,"column":5}},"line":45},"3":{"name":"(anonymous_3)","decl":{"start":{"line":57,"column":4},"end":{"line":57,"column":5}},"loc":{"start":{"line":57,"column":19},"end":{"line":78,"column":5}},"line":57},"4":{"name":"(anonymous_4)","decl":{"start":{"line":68,"column":18},"end":{"line":68,"column":19}},"loc":{"start":{"line":68,"column":32},"end":{"line":74,"column":13}},"line":68},"5":{"name":"(anonymous_5)","decl":{"start":{"line":74,"column":21},"end":{"line":74,"column":22}},"loc":{"start":{"line":74,"column":30},"end":{"line":77,"column":9}},"line":74},"6":{"name":"(anonymous_6)","decl":{"start":{"line":86,"column":4},"end":{"line":86,"column":5}},"loc":{"start":{"line":86,"column":18},"end":{"line":102,"column":5}},"line":86},"7":{"name":"(anonymous_7)","decl":{"start":{"line":104,"column":4},"end":{"line":104,"column":5}},"loc":{"start":{"line":104,"column":13},"end":{"line":163,"column":5}},"line":104}},"branchMap":{"0":{"loc":{"start":{"line":61,"column":8},"end":{"line":64,"column":9}},"type":"if","locations":[{"start":{"line":61,"column":8},"end":{"line":64,"column":9}},{"start":{"line":61,"column":8},"end":{"line":64,"column":9}}],"line":61},"1":{"loc":{"start":{"line":61,"column":12},"end":{"line":61,"column":95}},"type":"binary-expr","locations":[{"start":{"line":61,"column":12},"end":{"line":61,"column":38}},{"start":{"line":61,"column":42},"end":{"line":61,"column":68}},{"start":{"line":61,"column":72},"end":{"line":61,"column":95}}],"line":61},"2":{"loc":{"start":{"line":106,"column":8},"end":{"line":108,"column":9}},"type":"if","locations":[{"start":{"line":106,"column":8},"end":{"line":108,"column":9}},{"start":{"line":106,"column":8},"end":{"line":108,"column":9}}],"line":106}},"s":{"0":9,"1":9,"2":9,"3":50,"4":2,"5":4,"6":4,"7":3,"8":1,"9":0,"10":0,"11":0,"12":0,"13":0,"14":3,"15":3,"16":3,"17":18,"18":2,"19":16},"f":{"0":9,"1":50,"2":2,"3":4,"4":0,"5":0,"6":3,"7":18},"b":{"0":[3,1],"1":[4,3,2],"2":[2,16]},"_coverageSchema":"332fd63041d2c1bcb487cc26dd0d5f7d97098a6c","hash":"dcd4217ecf1b82fe80cc874fa587cb5141172eea"}
,"/Users/sofiakristiansen/Desktop/Grupparbete-projekt/grupp03-redriver/client/src/component/authentication/NewPassword.js": {"path":"/Users/sofiakristiansen/Desktop/Grupparbete-projekt/grupp03-redriver/client/src/component/authentication/NewPassword.js","statementMap":{"0":{"start":{"line":15,"column":8},"end":{"line":20,"column":10}}},"fnMap":{"0":{"name":"(anonymous_0)","decl":{"start":{"line":14,"column":4},"end":{"line":14,"column":5}},"loc":{"start":{"line":14,"column":13},"end":{"line":21,"column":5}},"line":14}},"branchMap":{},"s":{"0":1},"f":{"0":1},"b":{},"_coverageSchema":"332fd63041d2c1bcb487cc26dd0d5f7d97098a6c","hash":"d239b53541c72a62bc876197a28b6e47bbf0653c"}
,"/Users/sofiakristiansen/Desktop/Grupparbete-projekt/grupp03-redriver/client/src/component/authentication/Register.js": {"path":"/Users/sofiakristiansen/Desktop/Grupparbete-projekt/grupp03-redriver/client/src/component/authentication/Register.js","statementMap":{"0":{"start":{"line":26,"column":4},"end":{"line":26,"column":17}},"1":{"start":{"line":28,"column":4},"end":{"line":43,"column":6}},"2":{"start":{"line":45,"column":4},"end":{"line":45,"column":53}},"3":{"start":{"line":54,"column":25},"end":{"line":58,"column":3}},"4":{"start":{"line":55,"column":4},"end":{"line":57,"column":7}},"5":{"start":{"line":68,"column":4},"end":{"line":70,"column":5}},"6":{"start":{"line":69,"column":8},"end":{"line":69,"column":67}},"7":{"start":{"line":72,"column":4},"end":{"line":74,"column":5}},"8":{"start":{"line":73,"column":8},"end":{"line":73,"column":72}},"9":{"start":{"line":76,"column":4},"end":{"line":86,"column":7}},"10":{"start":{"line":79,"column":12},"end":{"line":79,"column":34}},"11":{"start":{"line":80,"column":12},"end":{"line":80,"column":45}},"12":{"start":{"line":81,"column":12},"end":{"line":81,"column":90}},"13":{"start":{"line":84,"column":12},"end":{"line":84,"column":29}},"14":{"start":{"line":85,"column":12},"end":{"line":85,"column":75}},"15":{"start":{"line":97,"column":18},"end":{"line":109,"column":5}},"16":{"start":{"line":111,"column":4},"end":{"line":111,"column":41}},"17":{"start":{"line":113,"column":4},"end":{"line":118,"column":7}},"18":{"start":{"line":124,"column":25},"end":{"line":124,"column":35}},"19":{"start":{"line":126,"column":4},"end":{"line":128,"column":5}},"20":{"start":{"line":127,"column":6},"end":{"line":127,"column":49}},"21":{"start":{"line":130,"column":4},"end":{"line":253,"column":6}}},"fnMap":{"0":{"name":"(anonymous_0)","decl":{"start":{"line":25,"column":2},"end":{"line":25,"column":3}},"loc":{"start":{"line":25,"column":20},"end":{"line":46,"column":3}},"line":25},"1":{"name":"(anonymous_1)","decl":{"start":{"line":54,"column":17},"end":{"line":54,"column":18}},"loc":{"start":{"line":54,"column":25},"end":{"line":58,"column":3}},"line":54},"2":{"name":"(anonymous_2)","decl":{"start":{"line":54,"column":25},"end":{"line":54,"column":26}},"loc":{"start":{"line":54,"column":34},"end":{"line":58,"column":3}},"line":54},"3":{"name":"(anonymous_3)","decl":{"start":{"line":66,"column":2},"end":{"line":66,"column":3}},"loc":{"start":{"line":66,"column":17},"end":{"line":87,"column":3}},"line":66},"4":{"name":"(anonymous_4)","decl":{"start":{"line":77,"column":14},"end":{"line":77,"column":15}},"loc":{"start":{"line":77,"column":28},"end":{"line":83,"column":9}},"line":77},"5":{"name":"(anonymous_5)","decl":{"start":{"line":83,"column":17},"end":{"line":83,"column":18}},"loc":{"start":{"line":83,"column":26},"end":{"line":86,"column":5}},"line":83},"6":{"name":"(anonymous_6)","decl":{"start":{"line":95,"column":2},"end":{"line":95,"column":3}},"loc":{"start":{"line":95,"column":16},"end":{"line":120,"column":3}},"line":95},"7":{"name":"(anonymous_7)","decl":{"start":{"line":122,"column":2},"end":{"line":122,"column":3}},"loc":{"start":{"line":122,"column":11},"end":{"line":254,"column":3}},"line":122}},"branchMap":{"0":{"loc":{"start":{"line":68,"column":4},"end":{"line":70,"column":5}},"type":"if","locations":[{"start":{"line":68,"column":4},"end":{"line":70,"column":5}},{"start":{"line":68,"column":4},"end":{"line":70,"column":5}}],"line":68},"1":{"loc":{"start":{"line":72,"column":4},"end":{"line":74,"column":5}},"type":"if","locations":[{"start":{"line":72,"column":4},"end":{"line":74,"column":5}},{"start":{"line":72,"column":4},"end":{"line":74,"column":5}}],"line":72},"2":{"loc":{"start":{"line":72,"column":8},"end":{"line":72,"column":188}},"type":"binary-expr","locations":[{"start":{"line":72,"column":8},"end":{"line":72,"column":34}},{"start":{"line":72,"column":38},"end":{"line":72,"column":64}},{"start":{"line":72,"column":68},"end":{"line":72,"column":91}},{"start":{"line":72,"column":95},"end":{"line":72,"column":128}},{"start":{"line":72,"column":132},"end":{"line":72,"column":157}},{"start":{"line":72,"column":161},"end":{"line":72,"column":188}}],"line":72},"3":{"loc":{"start":{"line":126,"column":4},"end":{"line":128,"column":5}},"type":"if","locations":[{"start":{"line":126,"column":4},"end":{"line":128,"column":5}},{"start":{"line":126,"column":4},"end":{"line":128,"column":5}}],"line":126}},"s":{"0":14,"1":14,"2":14,"3":288,"4":2,"5":8,"6":2,"7":6,"8":5,"9":1,"10":0,"11":0,"12":0,"13":0,"14":0,"15":3,"16":3,"17":3,"18":28,"19":28,"20":2,"21":26},"f":{"0":14,"1":288,"2":2,"3":8,"4":0,"5":0,"6":3,"7":28},"b":{"0":[2,6],"1":[5,1],"2":[6,5,4,3,3,2],"3":[2,26]},"_coverageSchema":"332fd63041d2c1bcb487cc26dd0d5f7d97098a6c","hash":"b49986c9781f04ae7b20b77ab13063c69634d323"}
,"/Users/sofiakristiansen/Desktop/Grupparbete-projekt/grupp03-redriver/client/src/component/chat/ChatList.js": {"path":"/Users/sofiakristiansen/Desktop/Grupparbete-projekt/grupp03-redriver/client/src/component/chat/ChatList.js","statementMap":{"0":{"start":{"line":17,"column":8},"end":{"line":19,"column":9}},"1":{"start":{"line":18,"column":12},"end":{"line":18,"column":43}},"2":{"start":{"line":21,"column":8},"end":{"line":26,"column":10}}},"fnMap":{"0":{"name":"(anonymous_0)","decl":{"start":{"line":15,"column":4},"end":{"line":15,"column":5}},"loc":{"start":{"line":15,"column":13},"end":{"line":27,"column":5}},"line":15}},"branchMap":{"0":{"loc":{"start":{"line":17,"column":8},"end":{"line":19,"column":9}},"type":"if","locations":[{"start":{"line":17,"column":8},"end":{"line":19,"column":9}},{"start":{"line":17,"column":8},"end":{"line":19,"column":9}}],"line":17}},"s":{"0":1,"1":0,"2":1},"f":{"0":1},"b":{"0":[0,1]},"_coverageSchema":"332fd63041d2c1bcb487cc26dd0d5f7d97098a6c","hash":"efefc697e31f1b8fd8d6bda7e0320542d012fe18"}
,"/Users/sofiakristiansen/Desktop/Grupparbete-projekt/grupp03-redriver/client/src/component/chat/ChatView.js": {"path":"/Users/sofiakristiansen/Desktop/Grupparbete-projekt/grupp03-redriver/client/src/component/chat/ChatView.js","statementMap":{"0":{"start":{"line":15,"column":8},"end":{"line":20,"column":10}}},"fnMap":{"0":{"name":"(anonymous_0)","decl":{"start":{"line":14,"column":4},"end":{"line":14,"column":5}},"loc":{"start":{"line":14,"column":13},"end":{"line":21,"column":5}},"line":14}},"branchMap":{},"s":{"0":1},"f":{"0":1},"b":{},"_coverageSchema":"332fd63041d2c1bcb487cc26dd0d5f7d97098a6c","hash":"daaceeb43d736d33884d2d4d88e8b4c29b0fdd99"}
,"/Users/sofiakristiansen/Desktop/Grupparbete-projekt/grupp03-redriver/client/src/component/friends/FriendRequests.js": {"path":"/Users/sofiakristiansen/Desktop/Grupparbete-projekt/grupp03-redriver/client/src/component/friends/FriendRequests.js","statementMap":{"0":{"start":{"line":26,"column":8},"end":{"line":26,"column":21}},"1":{"start":{"line":28,"column":8},"end":{"line":31,"column":10}},"2":{"start":{"line":33,"column":8},"end":{"line":33,"column":57}},"3":{"start":{"line":42,"column":27},"end":{"line":46,"column":5}},"4":{"start":{"line":43,"column":8},"end":{"line":45,"column":11}},"5":{"start":{"line":56,"column":8},"end":{"line":58,"column":9}},"6":{"start":{"line":57,"column":12},"end":{"line":57,"column":76}},"7":{"start":{"line":60,"column":8},"end":{"line":69,"column":11}},"8":{"start":{"line":63,"column":16},"end":{"line":63,"column":38}},"9":{"start":{"line":64,"column":16},"end":{"line":64,"column":99}},"10":{"start":{"line":67,"column":12},"end":{"line":67,"column":29}},"11":{"start":{"line":68,"column":12},"end":{"line":68,"column":75}},"12":{"start":{"line":81,"column":22},"end":{"line":83,"column":9}},"13":{"start":{"line":85,"column":8},"end":{"line":85,"column":45}},"14":{"start":{"line":87,"column":8},"end":{"line":92,"column":11}},"15":{"start":{"line":98,"column":8},"end":{"line":100,"column":9}},"16":{"start":{"line":99,"column":12},"end":{"line":99,"column":43}},"17":{"start":{"line":102,"column":8},"end":{"line":137,"column":10}}},"fnMap":{"0":{"name":"(anonymous_0)","decl":{"start":{"line":25,"column":4},"end":{"line":25,"column":5}},"loc":{"start":{"line":25,"column":22},"end":{"line":34,"column":5}},"line":25},"1":{"name":"(anonymous_1)","decl":{"start":{"line":42,"column":19},"end":{"line":42,"column":20}},"loc":{"start":{"line":42,"column":27},"end":{"line":46,"column":5}},"line":42},"2":{"name":"(anonymous_2)","decl":{"start":{"line":42,"column":27},"end":{"line":42,"column":28}},"loc":{"start":{"line":42,"column":36},"end":{"line":46,"column":5}},"line":42},"3":{"name":"(anonymous_3)","decl":{"start":{"line":54,"column":4},"end":{"line":54,"column":5}},"loc":{"start":{"line":54,"column":19},"end":{"line":71,"column":5}},"line":54},"4":{"name":"(anonymous_4)","decl":{"start":{"line":61,"column":18},"end":{"line":61,"column":19}},"loc":{"start":{"line":61,"column":32},"end":{"line":66,"column":13}},"line":61},"5":{"name":"(anonymous_5)","decl":{"start":{"line":66,"column":21},"end":{"line":66,"column":22}},"loc":{"start":{"line":66,"column":30},"end":{"line":69,"column":9}},"line":66},"6":{"name":"(anonymous_6)","decl":{"start":{"line":79,"column":4},"end":{"line":79,"column":5}},"loc":{"start":{"line":79,"column":18},"end":{"line":94,"column":5}},"line":79},"7":{"name":"(anonymous_7)","decl":{"start":{"line":96,"column":4},"end":{"line":96,"column":5}},"loc":{"start":{"line":96,"column":13},"end":{"line":138,"column":5}},"line":96}},"branchMap":{"0":{"loc":{"start":{"line":56,"column":8},"end":{"line":58,"column":9}},"type":"if","locations":[{"start":{"line":56,"column":8},"end":{"line":58,"column":9}},{"start":{"line":56,"column":8},"end":{"line":58,"column":9}}],"line":56},"1":{"loc":{"start":{"line":98,"column":8},"end":{"line":100,"column":9}},"type":"if","locations":[{"start":{"line":98,"column":8},"end":{"line":100,"column":9}},{"start":{"line":98,"column":8},"end":{"line":100,"column":9}}],"line":98},"2":{"loc":{"start":{"line":113,"column":21},"end":{"line":119,"column":21}},"type":"cond-expr","locations":[{"start":{"line":114,"column":24},"end":{"line":114,"column":75}},{"start":{"line":116,"column":24},"end":{"line":118,"column":30}}],"line":113}},"s":{"0":2,"1":2,"2":2,"3":7,"4":1,"5":2,"6":1,"7":1,"8":0,"9":0,"10":0,"11":0,"12":3,"13":3,"14":3,"15":8,"16":2,"17":6},"f":{"0":2,"1":7,"2":1,"3":2,"4":0,"5":0,"6":3,"7":8},"b":{"0":[1,1],"1":[2,6],"2":[6,0]},"_coverageSchema":"332fd63041d2c1bcb487cc26dd0d5f7d97098a6c","hash":"4ccf878e1353b93864a6a7b45547d852c0552e9d"}
,"/Users/sofiakristiansen/Desktop/Grupparbete-projekt/grupp03-redriver/client/src/component/friends/FriendsList.js": {"path":"/Users/sofiakristiansen/Desktop/Grupparbete-projekt/grupp03-redriver/client/src/component/friends/FriendsList.js","statementMap":{"0":{"start":{"line":31,"column":8},"end":{"line":31,"column":21}},"1":{"start":{"line":33,"column":8},"end":{"line":36,"column":10}},"2":{"start":{"line":48,"column":24},"end":{"line":48,"column":26}},"3":{"start":{"line":50,"column":8},"end":{"line":65,"column":9}},"4":{"start":{"line":52,"column":12},"end":{"line":64,"column":14}},"5":{"start":{"line":67,"column":8},"end":{"line":67,"column":25}},"6":{"start":{"line":78,"column":8},"end":{"line":82,"column":11}},"7":{"start":{"line":87,"column":8},"end":{"line":101,"column":11}},"8":{"start":{"line":90,"column":16},"end":{"line":92,"column":19}},"9":{"start":{"line":91,"column":19},"end":{"line":91,"column":46}},"10":{"start":{"line":95,"column":16},"end":{"line":95,"column":40}},"11":{"start":{"line":96,"column":16},"end":{"line":98,"column":19}},"12":{"start":{"line":106,"column":8},"end":{"line":108,"column":9}},"13":{"start":{"line":107,"column":12},"end":{"line":107,"column":43}},"14":{"start":{"line":110,"column":8},"end":{"line":125,"column":10}}},"fnMap":{"0":{"name":"(anonymous_0)","decl":{"start":{"line":30,"column":4},"end":{"line":30,"column":5}},"loc":{"start":{"line":30,"column":22},"end":{"line":38,"column":5}},"line":30},"1":{"name":"(anonymous_1)","decl":{"start":{"line":46,"column":4},"end":{"line":46,"column":5}},"loc":{"start":{"line":46,"column":24},"end":{"line":68,"column":5}},"line":46},"2":{"name":"(anonymous_2)","decl":{"start":{"line":76,"column":4},"end":{"line":76,"column":5}},"loc":{"start":{"line":76,"column":18},"end":{"line":83,"column":5}},"line":76},"3":{"name":"(anonymous_3)","decl":{"start":{"line":85,"column":4},"end":{"line":85,"column":5}},"loc":{"start":{"line":85,"column":24},"end":{"line":102,"column":5}},"line":85},"4":{"name":"(anonymous_4)","decl":{"start":{"line":88,"column":18},"end":{"line":88,"column":19}},"loc":{"start":{"line":88,"column":32},"end":{"line":93,"column":13}},"line":88},"5":{"name":"(anonymous_5)","decl":{"start":{"line":90,"column":49},"end":{"line":90,"column":50}},"loc":{"start":{"line":90,"column":56},"end":{"line":92,"column":17}},"line":90},"6":{"name":"(anonymous_6)","decl":{"start":{"line":93,"column":20},"end":{"line":93,"column":21}},"loc":{"start":{"line":93,"column":26},"end":{"line":99,"column":9}},"line":93},"7":{"name":"(anonymous_7)","decl":{"start":{"line":99,"column":17},"end":{"line":99,"column":18}},"loc":{"start":{"line":99,"column":28},"end":{"line":101,"column":9}},"line":99},"8":{"name":"(anonymous_8)","decl":{"start":{"line":104,"column":4},"end":{"line":104,"column":5}},"loc":{"start":{"line":104,"column":13},"end":{"line":126,"column":5}},"line":104}},"branchMap":{"0":{"loc":{"start":{"line":106,"column":8},"end":{"line":108,"column":9}},"type":"if","locations":[{"start":{"line":106,"column":8},"end":{"line":108,"column":9}},{"start":{"line":106,"column":8},"end":{"line":108,"column":9}}],"line":106}},"s":{"0":6,"1":6,"2":7,"3":7,"4":6,"5":7,"6":9,"7":6,"8":4,"9":0,"10":0,"11":0,"12":8,"13":2,"14":6},"f":{"0":6,"1":7,"2":9,"3":6,"4":4,"5":0,"6":0,"7":6,"8":8},"b":{"0":[2,6]},"_coverageSchema":"332fd63041d2c1bcb487cc26dd0d5f7d97098a6c","hash":"d476d194296440f8514b087d6c51fbaad09b83ac"}
,"/Users/sofiakristiansen/Desktop/Grupparbete-projekt/grupp03-redriver/client/src/component/friends/FriendsView.js": {"path":"/Users/sofiakristiansen/Desktop/Grupparbete-projekt/grupp03-redriver/client/src/component/friends/FriendsView.js","statementMap":{"0":{"start":{"line":18,"column":8},"end":{"line":20,"column":9}},"1":{"start":{"line":19,"column":12},"end":{"line":19,"column":43}},"2":{"start":{"line":22,"column":8},"end":{"line":27,"column":10}}},"fnMap":{"0":{"name":"(anonymous_0)","decl":{"start":{"line":16,"column":4},"end":{"line":16,"column":5}},"loc":{"start":{"line":16,"column":13},"end":{"line":28,"column":5}},"line":16}},"branchMap":{"0":{"loc":{"start":{"line":18,"column":8},"end":{"line":20,"column":9}},"type":"if","locations":[{"start":{"line":18,"column":8},"end":{"line":20,"column":9}},{"start":{"line":18,"column":8},"end":{"line":20,"column":9}}],"line":18}},"s":{"0":2,"1":1,"2":1},"f":{"0":2},"b":{"0":[1,1]},"_coverageSchema":"332fd63041d2c1bcb487cc26dd0d5f7d97098a6c","hash":"a3a51e2159656914c59cb78cac0d4944102b04c8"}
,"/Users/sofiakristiansen/Desktop/Grupparbete-projekt/grupp03-redriver/client/src/component/settings/Settings.js": {"path":"/Users/sofiakristiansen/Desktop/Grupparbete-projekt/grupp03-redriver/client/src/component/settings/Settings.js","statementMap":{"0":{"start":{"line":25,"column":8},"end":{"line":25,"column":21}},"1":{"start":{"line":27,"column":8},"end":{"line":29,"column":10}},"2":{"start":{"line":31,"column":8},"end":{"line":31,"column":53}},"3":{"start":{"line":42,"column":8},"end":{"line":51,"column":9}},"4":{"start":{"line":44,"column":16},"end":{"line":44,"column":61}},"5":{"start":{"line":47,"column":16},"end":{"line":47,"column":57}},"6":{"start":{"line":50,"column":16},"end":{"line":50,"column":56}},"7":{"start":{"line":56,"column":8},"end":{"line":58,"column":9}},"8":{"start":{"line":57,"column":12},"end":{"line":57,"column":43}},"9":{"start":{"line":60,"column":8},"end":{"line":71,"column":10}}},"fnMap":{"0":{"name":"(anonymous_0)","decl":{"start":{"line":24,"column":4},"end":{"line":24,"column":5}},"loc":{"start":{"line":24,"column":22},"end":{"line":32,"column":5}},"line":24},"1":{"name":"(anonymous_1)","decl":{"start":{"line":40,"column":4},"end":{"line":40,"column":5}},"loc":{"start":{"line":40,"column":17},"end":{"line":53,"column":5}},"line":40},"2":{"name":"(anonymous_2)","decl":{"start":{"line":54,"column":4},"end":{"line":54,"column":5}},"loc":{"start":{"line":54,"column":13},"end":{"line":72,"column":5}},"line":54}},"branchMap":{"0":{"loc":{"start":{"line":42,"column":8},"end":{"line":51,"column":9}},"type":"switch","locations":[{"start":{"line":43,"column":12},"end":{"line":44,"column":61}},{"start":{"line":46,"column":12},"end":{"line":47,"column":57}},{"start":{"line":49,"column":12},"end":{"line":50,"column":56}}],"line":42},"1":{"loc":{"start":{"line":56,"column":8},"end":{"line":58,"column":9}},"type":"if","locations":[{"start":{"line":56,"column":8},"end":{"line":58,"column":9}},{"start":{"line":56,"column":8},"end":{"line":58,"column":9}}],"line":56},"2":{"loc":{"start":{"line":62,"column":21},"end":{"line":68,"column":21}},"type":"cond-expr","locations":[{"start":{"line":63,"column":24},"end":{"line":65,"column":30}},{"start":{"line":67,"column":24},"end":{"line":67,"column":43}}],"line":62}},"s":{"0":1,"1":1,"2":1,"3":1,"4":0,"5":0,"6":1,"7":1,"8":0,"9":1},"f":{"0":1,"1":1,"2":1},"b":{"0":[0,0,1],"1":[0,1],"2":[1,0]},"_coverageSchema":"332fd63041d2c1bcb487cc26dd0d5f7d97098a6c","hash":"5378a9dbc0676477d15322d85c0c51898bbe4e37"}
,"/Users/sofiakristiansen/Desktop/Grupparbete-projekt/grupp03-redriver/client/src/component/settings/admin/SettingsAdmin.js": {"path":"/Users/sofiakristiansen/Desktop/Grupparbete-projekt/grupp03-redriver/client/src/component/settings/admin/SettingsAdmin.js","statementMap":{"0":{"start":{"line":15,"column":8},"end":{"line":19,"column":10}}},"fnMap":{"0":{"name":"(anonymous_0)","decl":{"start":{"line":14,"column":4},"end":{"line":14,"column":5}},"loc":{"start":{"line":14,"column":13},"end":{"line":20,"column":5}},"line":14}},"branchMap":{},"s":{"0":1},"f":{"0":1},"b":{},"_coverageSchema":"332fd63041d2c1bcb487cc26dd0d5f7d97098a6c","hash":"cbdbeee778b689289797fa52679e36b14e4759e6"}
,"/Users/sofiakristiansen/Desktop/Grupparbete-projekt/grupp03-redriver/client/src/component/settings/superUser/SettingsSuperUser.js": {"path":"/Users/sofiakristiansen/Desktop/Grupparbete-projekt/grupp03-redriver/client/src/component/settings/superUser/SettingsSuperUser.js","statementMap":{"0":{"start":{"line":15,"column":8},"end":{"line":19,"column":10}}},"fnMap":{"0":{"name":"(anonymous_0)","decl":{"start":{"line":14,"column":4},"end":{"line":14,"column":5}},"loc":{"start":{"line":14,"column":13},"end":{"line":20,"column":5}},"line":14}},"branchMap":{},"s":{"0":1},"f":{"0":1},"b":{},"_coverageSchema":"332fd63041d2c1bcb487cc26dd0d5f7d97098a6c","hash":"35e8c778bd4ef181b1b9536d06de32dd7427c2bd"}
,"/Users/sofiakristiansen/Desktop/Grupparbete-projekt/grupp03-redriver/client/src/component/settings/user/ChangePassword.js": {"path":"/Users/sofiakristiansen/Desktop/Grupparbete-projekt/grupp03-redriver/client/src/component/settings/user/ChangePassword.js","statementMap":{"0":{"start":{"line":23,"column":8},"end":{"line":23,"column":21}},"1":{"start":{"line":25,"column":8},"end":{"line":28,"column":10}},"2":{"start":{"line":38,"column":27},"end":{"line":42,"column":5}},"3":{"start":{"line":39,"column":8},"end":{"line":41,"column":11}},"4":{"start":{"line":53,"column":8},"end":{"line":55,"column":9}},"5":{"start":{"line":54,"column":12},"end":{"line":54,"column":76}},"6":{"start":{"line":57,"column":8},"end":{"line":59,"column":9}},"7":{"start":{"line":58,"column":12},"end":{"line":58,"column":71}},"8":{"start":{"line":77,"column":8},"end":{"line":103,"column":10}}},"fnMap":{"0":{"name":"(anonymous_0)","decl":{"start":{"line":22,"column":4},"end":{"line":22,"column":5}},"loc":{"start":{"line":22,"column":22},"end":{"line":30,"column":5}},"line":22},"1":{"name":"(anonymous_1)","decl":{"start":{"line":38,"column":19},"end":{"line":38,"column":20}},"loc":{"start":{"line":38,"column":27},"end":{"line":42,"column":5}},"line":38},"2":{"name":"(anonymous_2)","decl":{"start":{"line":38,"column":27},"end":{"line":38,"column":28}},"loc":{"start":{"line":38,"column":36},"end":{"line":42,"column":5}},"line":38},"3":{"name":"(anonymous_3)","decl":{"start":{"line":51,"column":4},"end":{"line":51,"column":5}},"loc":{"start":{"line":51,"column":19},"end":{"line":74,"column":5}},"line":51},"4":{"name":"(anonymous_4)","decl":{"start":{"line":76,"column":4},"end":{"line":76,"column":5}},"loc":{"start":{"line":76,"column":13},"end":{"line":104,"column":5}},"line":76}},"branchMap":{"0":{"loc":{"start":{"line":53,"column":8},"end":{"line":55,"column":9}},"type":"if","locations":[{"start":{"line":53,"column":8},"end":{"line":55,"column":9}},{"start":{"line":53,"column":8},"end":{"line":55,"column":9}}],"line":53},"1":{"loc":{"start":{"line":53,"column":12},"end":{"line":53,"column":75}},"type":"binary-expr","locations":[{"start":{"line":53,"column":12},"end":{"line":53,"column":38}},{"start":{"line":53,"column":42},"end":{"line":53,"column":75}}],"line":53},"2":{"loc":{"start":{"line":57,"column":8},"end":{"line":59,"column":9}},"type":"if","locations":[{"start":{"line":57,"column":8},"end":{"line":59,"column":9}},{"start":{"line":57,"column":8},"end":{"line":59,"column":9}}],"line":57}},"s":{"0":7,"1":7,"2":28,"3":2,"4":4,"5":2,"6":2,"7":1,"8":13},"f":{"0":7,"1":28,"2":2,"3":4,"4":13},"b":{"0":[2,2],"1":[4,3],"2":[1,1]},"_coverageSchema":"332fd63041d2c1bcb487cc26dd0d5f7d97098a6c","hash":"bf87317b34d602fbe6f7422db02e88a7b3efd66e"}
,"/Users/sofiakristiansen/Desktop/Grupparbete-projekt/grupp03-redriver/client/src/component/settings/user/SettingsUser.js": {"path":"/Users/sofiakristiansen/Desktop/Grupparbete-projekt/grupp03-redriver/client/src/component/settings/user/SettingsUser.js","statementMap":{"0":{"start":{"line":37,"column":8},"end":{"line":37,"column":21}},"1":{"start":{"line":39,"column":8},"end":{"line":42,"column":10}},"2":{"start":{"line":51,"column":28},"end":{"line":55,"column":5}},"3":{"start":{"line":52,"column":8},"end":{"line":54,"column":11}},"4":{"start":{"line":63,"column":39},"end":{"line":65,"column":5}},"5":{"start":{"line":64,"column":8},"end":{"line":64,"column":56}},"6":{"start":{"line":69,"column":29},"end":{"line":69,"column":39}},"7":{"start":{"line":71,"column":8},"end":{"line":124,"column":10}}},"fnMap":{"0":{"name":"(anonymous_0)","decl":{"start":{"line":36,"column":4},"end":{"line":36,"column":5}},"loc":{"start":{"line":36,"column":22},"end":{"line":43,"column":5}},"line":36},"1":{"name":"(anonymous_1)","decl":{"start":{"line":51,"column":19},"end":{"line":51,"column":20}},"loc":{"start":{"line":51,"column":28},"end":{"line":55,"column":5}},"line":51},"2":{"name":"(anonymous_2)","decl":{"start":{"line":51,"column":28},"end":{"line":51,"column":29}},"loc":{"start":{"line":51,"column":49},"end":{"line":55,"column":5}},"line":51},"3":{"name":"(anonymous_3)","decl":{"start":{"line":63,"column":31},"end":{"line":63,"column":32}},"loc":{"start":{"line":63,"column":39},"end":{"line":65,"column":5}},"line":63},"4":{"name":"(anonymous_4)","decl":{"start":{"line":63,"column":39},"end":{"line":63,"column":40}},"loc":{"start":{"line":63,"column":48},"end":{"line":65,"column":5}},"line":63},"5":{"name":"(anonymous_5)","decl":{"start":{"line":67,"column":4},"end":{"line":67,"column":5}},"loc":{"start":{"line":67,"column":13},"end":{"line":125,"column":5}},"line":67}},"branchMap":{"0":{"loc":{"start":{"line":53,"column":22},"end":{"line":53,"column":46}},"type":"cond-expr","locations":[{"start":{"line":53,"column":33},"end":{"line":53,"column":38}},{"start":{"line":53,"column":41},"end":{"line":53,"column":46}}],"line":53}},"s":{"0":2,"1":2,"2":4,"3":0,"4":2,"5":0,"6":2,"7":2},"f":{"0":2,"1":4,"2":0,"3":2,"4":0,"5":2},"b":{"0":[0,0]},"_coverageSchema":"332fd63041d2c1bcb487cc26dd0d5f7d97098a6c","hash":"f27228407f67d93a0a59483c84c9280acad14627"}
,"/Users/sofiakristiansen/Desktop/Grupparbete-projekt/grupp03-redriver/client/src/component/settings/user/UserDetails.js": {"path":"/Users/sofiakristiansen/Desktop/Grupparbete-projekt/grupp03-redriver/client/src/component/settings/user/UserDetails.js","statementMap":{"0":{"start":{"line":22,"column":8},"end":{"line":22,"column":21}},"1":{"start":{"line":24,"column":8},"end":{"line":36,"column":10}},"2":{"start":{"line":46,"column":27},"end":{"line":50,"column":5}},"3":{"start":{"line":47,"column":8},"end":{"line":49,"column":11}},"4":{"start":{"line":59,"column":8},"end":{"line":61,"column":11}},"5":{"start":{"line":62,"column":8},"end":{"line":62,"column":32}},"6":{"start":{"line":73,"column":8},"end":{"line":75,"column":9}},"7":{"start":{"line":74,"column":12},"end":{"line":74,"column":76}},"8":{"start":{"line":77,"column":8},"end":{"line":79,"column":9}},"9":{"start":{"line":78,"column":12},"end":{"line":78,"column":71}},"10":{"start":{"line":94,"column":8},"end":{"line":94,"column":36}},"11":{"start":{"line":106,"column":8},"end":{"line":202,"column":10}},"12":{"start":{"line":206,"column":8},"end":{"line":229,"column":10}},"13":{"start":{"line":211,"column":98},"end":{"line":211,"column":126}},"14":{"start":{"line":219,"column":102},"end":{"line":219,"column":129}},"15":{"start":{"line":222,"column":102},"end":{"line":222,"column":121}}},"fnMap":{"0":{"name":"(anonymous_0)","decl":{"start":{"line":21,"column":4},"end":{"line":21,"column":5}},"loc":{"start":{"line":21,"column":22},"end":{"line":38,"column":5}},"line":21},"1":{"name":"(anonymous_1)","decl":{"start":{"line":46,"column":19},"end":{"line":46,"column":20}},"loc":{"start":{"line":46,"column":27},"end":{"line":50,"column":5}},"line":46},"2":{"name":"(anonymous_2)","decl":{"start":{"line":46,"column":27},"end":{"line":46,"column":28}},"loc":{"start":{"line":46,"column":36},"end":{"line":50,"column":5}},"line":46},"3":{"name":"(anonymous_3)","decl":{"start":{"line":58,"column":4},"end":{"line":58,"column":5}},"loc":{"start":{"line":58,"column":29},"end":{"line":63,"column":5}},"line":58},"4":{"name":"(anonymous_4)","decl":{"start":{"line":71,"column":4},"end":{"line":71,"column":5}},"loc":{"start":{"line":71,"column":19},"end":{"line":96,"column":5}},"line":71},"5":{"name":"(anonymous_5)","decl":{"start":{"line":104,"column":4},"end":{"line":104,"column":5}},"loc":{"start":{"line":104,"column":17},"end":{"line":203,"column":5}},"line":104},"6":{"name":"(anonymous_6)","decl":{"start":{"line":205,"column":4},"end":{"line":205,"column":5}},"loc":{"start":{"line":205,"column":13},"end":{"line":230,"column":5}},"line":205},"7":{"name":"(anonymous_7)","decl":{"start":{"line":211,"column":92},"end":{"line":211,"column":93}},"loc":{"start":{"line":211,"column":98},"end":{"line":211,"column":126}},"line":211},"8":{"name":"(anonymous_8)","decl":{"start":{"line":219,"column":96},"end":{"line":219,"column":97}},"loc":{"start":{"line":219,"column":102},"end":{"line":219,"column":129}},"line":219},"9":{"name":"(anonymous_9)","decl":{"start":{"line":222,"column":96},"end":{"line":222,"column":97}},"loc":{"start":{"line":222,"column":102},"end":{"line":222,"column":121}},"line":222}},"branchMap":{"0":{"loc":{"start":{"line":73,"column":8},"end":{"line":75,"column":9}},"type":"if","locations":[{"start":{"line":73,"column":8},"end":{"line":75,"column":9}},{"start":{"line":73,"column":8},"end":{"line":75,"column":9}}],"line":73},"1":{"loc":{"start":{"line":73,"column":12},"end":{"line":73,"column":125}},"type":"binary-expr","locations":[{"start":{"line":73,"column":12},"end":{"line":73,"column":38}},{"start":{"line":73,"column":42},"end":{"line":73,"column":65}},{"start":{"line":73,"column":69},"end":{"line":73,"column":94}},{"start":{"line":73,"column":98},"end":{"line":73,"column":125}}],"line":73},"2":{"loc":{"start":{"line":77,"column":8},"end":{"line":79,"column":9}},"type":"if","locations":[{"start":{"line":77,"column":8},"end":{"line":79,"column":9}},{"start":{"line":77,"column":8},"end":{"line":79,"column":9}}],"line":77},"3":{"loc":{"start":{"line":208,"column":17},"end":{"line":227,"column":17}},"type":"cond-expr","locations":[{"start":{"line":209,"column":20},"end":{"line":214,"column":26}},{"start":{"line":216,"column":20},"end":{"line":226,"column":26}}],"line":208}},"s":{"0":16,"1":16,"2":322,"3":2,"4":2,"5":2,"6":6,"7":4,"8":2,"9":1,"10":1,"11":32,"12":32,"13":1,"14":1,"15":1},"f":{"0":16,"1":322,"2":2,"3":2,"4":6,"5":32,"6":32,"7":1,"8":1,"9":1},"b":{"0":[4,2],"1":[6,5,4,3],"2":[1,1],"3":[27,5]},"_coverageSchema":"332fd63041d2c1bcb487cc26dd0d5f7d97098a6c","hash":"ce31e4485e1f38061cd356a47697cd3c99faa3d4"}
,"/Users/sofiakristiansen/Desktop/Grupparbete-projekt/grupp03-redriver/client/src/examples-for-tests/Link.react.js": {"path":"/Users/sofiakristiansen/Desktop/Grupparbete-projekt/grupp03-redriver/client/src/examples-for-tests/Link.react.js","statementMap":{"0":{"start":{"line":4,"column":15},"end":{"line":7,"column":1}},"1":{"start":{"line":11,"column":4},"end":{"line":11,"column":17}},"2":{"start":{"line":13,"column":4},"end":{"line":13,"column":55}},"3":{"start":{"line":14,"column":4},"end":{"line":14,"column":55}},"4":{"start":{"line":16,"column":4},"end":{"line":18,"column":6}},"5":{"start":{"line":22,"column":4},"end":{"line":22,"column":43}},"6":{"start":{"line":26,"column":4},"end":{"line":26,"column":42}},"7":{"start":{"line":30,"column":4},"end":{"line":39,"column":6}}},"fnMap":{"0":{"name":"(anonymous_0)","decl":{"start":{"line":10,"column":2},"end":{"line":10,"column":3}},"loc":{"start":{"line":10,"column":21},"end":{"line":19,"column":3}},"line":10},"1":{"name":"(anonymous_1)","decl":{"start":{"line":21,"column":18},"end":{"line":21,"column":19}},"loc":{"start":{"line":21,"column":24},"end":{"line":23,"column":3}},"line":21},"2":{"name":"(anonymous_2)","decl":{"start":{"line":25,"column":18},"end":{"line":25,"column":19}},"loc":{"start":{"line":25,"column":24},"end":{"line":27,"column":3}},"line":25},"3":{"name":"(anonymous_3)","decl":{"start":{"line":29,"column":2},"end":{"line":29,"column":3}},"loc":{"start":{"line":29,"column":11},"end":{"line":40,"column":3}},"line":29}},"branchMap":{"0":{"loc":{"start":{"line":33,"column":14},"end":{"line":33,"column":36}},"type":"binary-expr","locations":[{"start":{"line":33,"column":14},"end":{"line":33,"column":29}},{"start":{"line":33,"column":33},"end":{"line":33,"column":36}}],"line":33}},"s":{"0":1,"1":1,"2":1,"3":1,"4":1,"5":1,"6":1,"7":3},"f":{"0":1,"1":1,"2":1,"3":3},"b":{"0":[3,0]},"_coverageSchema":"332fd63041d2c1bcb487cc26dd0d5f7d97098a6c","hash":"97223989d43981892e3f10e66ccb344a85701597"}
,"/Users/sofiakristiansen/Desktop/Grupparbete-projekt/grupp03-redriver/client/src/examples-for-tests/objectAssignment.js": {"path":"/Users/sofiakristiansen/Desktop/Grupparbete-projekt/grupp03-redriver/client/src/examples-for-tests/objectAssignment.js","statementMap":{"0":{"start":{"line":2,"column":15},"end":{"line":2,"column":23}},"1":{"start":{"line":3,"column":2},"end":{"line":3,"column":18}},"2":{"start":{"line":4,"column":2},"end":{"line":4,"column":14}},"3":{"start":{"line":6,"column":0},"end":{"line":6,"column":34}}},"fnMap":{"0":{"name":"ObjectAssignment","decl":{"start":{"line":1,"column":9},"end":{"line":1,"column":25}},"loc":{"start":{"line":1,"column":28},"end":{"line":5,"column":1}},"line":1}},"branchMap":{},"s":{"0":2,"1":2,"2":2,"3":1},"f":{"0":2},"b":{},"_coverageSchema":"332fd63041d2c1bcb487cc26dd0d5f7d97098a6c","hash":"f6bf3f5ba01f4835d3c412c1cfa92b6c58d3f267"}
,"/Users/sofiakristiansen/Desktop/Grupparbete-projekt/grupp03-redriver/client/src/examples-for-tests/sum.js": {"path":"/Users/sofiakristiansen/Desktop/Grupparbete-projekt/grupp03-redriver/client/src/examples-for-tests/sum.js","statementMap":{"0":{"start":{"line":2,"column":2},"end":{"line":2,"column":15}},"1":{"start":{"line":4,"column":0},"end":{"line":4,"column":21}}},"fnMap":{"0":{"name":"Sum","decl":{"start":{"line":1,"column":9},"end":{"line":1,"column":12}},"loc":{"start":{"line":1,"column":19},"end":{"line":3,"column":1}},"line":1}},"branchMap":{},"s":{"0":10,"1":1},"f":{"0":10},"b":{},"_coverageSchema":"332fd63041d2c1bcb487cc26dd0d5f7d97098a6c","hash":"1a21e01bfc8f6afb38ccda637116d7adc54a7a33"}
,"/Users/sofiakristiansen/Desktop/Grupparbete-projekt/grupp03-redriver/client/src/styles/AccountStyles.js": {"path":"/Users/sofiakristiansen/Desktop/Grupparbete-projekt/grupp03-redriver/client/src/styles/AccountStyles.js","statementMap":{"0":{"start":{"line":10,"column":34},"end":{"line":22,"column":1}}},"fnMap":{},"branchMap":{},"s":{"0":2},"f":{},"b":{},"_coverageSchema":"332fd63041d2c1bcb487cc26dd0d5f7d97098a6c","hash":"3382808bd44712f64da3f35391a6d63e78e6ba56"}
,"/Users/sofiakristiansen/Desktop/Grupparbete-projekt/grupp03-redriver/client/src/styles/AppStyles.js": {"path":"/Users/sofiakristiansen/Desktop/Grupparbete-projekt/grupp03-redriver/client/src/styles/AppStyles.js","statementMap":{"0":{"start":{"line":11,"column":18},"end":{"line":36,"column":1}}},"fnMap":{},"branchMap":{},"s":{"0":1},"f":{},"b":{},"_coverageSchema":"332fd63041d2c1bcb487cc26dd0d5f7d97098a6c","hash":"9b68bc07df01db066c2efb8d247a349c5cafc2a2"}
,"/Users/sofiakristiansen/Desktop/Grupparbete-projekt/grupp03-redriver/client/src/styles/AuthStyles.js": {"path":"/Users/sofiakristiansen/Desktop/Grupparbete-projekt/grupp03-redriver/client/src/styles/AuthStyles.js","statementMap":{"0":{"start":{"line":10,"column":31},"end":{"line":71,"column":1}},"1":{"start":{"line":73,"column":28},"end":{"line":127,"column":1}},"2":{"start":{"line":129,"column":34},"end":{"line":133,"column":1}}},"fnMap":{},"branchMap":{},"s":{"0":7,"1":7,"2":7},"f":{},"b":{},"_coverageSchema":"332fd63041d2c1bcb487cc26dd0d5f7d97098a6c","hash":"716b102cbff9ca3c426ba3473eead00da8956a04"}
,"/Users/sofiakristiansen/Desktop/Grupparbete-projekt/grupp03-redriver/client/src/styles/ChatStyles.js": {"path":"/Users/sofiakristiansen/Desktop/Grupparbete-projekt/grupp03-redriver/client/src/styles/ChatStyles.js","statementMap":{"0":{"start":{"line":10,"column":31},"end":{"line":14,"column":1}},"1":{"start":{"line":16,"column":31},"end":{"line":20,"column":1}}},"fnMap":{},"branchMap":{},"s":{"0":3,"1":3},"f":{},"b":{},"_coverageSchema":"332fd63041d2c1bcb487cc26dd0d5f7d97098a6c","hash":"5e1e6a192683d11c66140ab57bb9d1e9f447b167"}
,"/Users/sofiakristiansen/Desktop/Grupparbete-projekt/grupp03-redriver/client/src/styles/FriendsStyles.js": {"path":"/Users/sofiakristiansen/Desktop/Grupparbete-projekt/grupp03-redriver/client/src/styles/FriendsStyles.js","statementMap":{"0":{"start":{"line":10,"column":34},"end":{"line":26,"column":1}},"1":{"start":{"line":28,"column":34},"end":{"line":32,"column":1}},"2":{"start":{"line":34,"column":36},"end":{"line":48,"column":1}}},"fnMap":{},"branchMap":{},"s":{"0":4,"1":4,"2":4},"f":{},"b":{},"_coverageSchema":"332fd63041d2c1bcb487cc26dd0d5f7d97098a6c","hash":"668dbe050c767c3bfbb03930c2850c543954136e"}
,"/Users/sofiakristiansen/Desktop/Grupparbete-projekt/grupp03-redriver/client/src/styles/SettingsStyles.js": {"path":"/Users/sofiakristiansen/Desktop/Grupparbete-projekt/grupp03-redriver/client/src/styles/SettingsStyles.js","statementMap":{"0":{"start":{"line":10,"column":31},"end":{"line":14,"column":1}},"1":{"start":{"line":16,"column":36},"end":{"line":20,"column":1}},"2":{"start":{"line":22,"column":35},"end":{"line":59,"column":1}},"3":{"start":{"line":61,"column":40},"end":{"line":65,"column":1}}},"fnMap":{},"branchMap":{},"s":{"0":7,"1":7,"2":7,"3":7},"f":{},"b":{},"_coverageSchema":"332fd63041d2c1bcb487cc26dd0d5f7d97098a6c","hash":"e82505ff0da6061b7f5332b967c93f75116961e4"}
,"/Users/sofiakristiansen/Desktop/Grupparbete-projekt/grupp03-redriver/client/src/styles/Styles.js": {"path":"/Users/sofiakristiansen/Desktop/Grupparbete-projekt/grupp03-redriver/client/src/styles/Styles.js","statementMap":{"0":{"start":{"line":7,"column":21},"end":{"line":7,"column":30}},"1":{"start":{"line":8,"column":23},"end":{"line":8,"column":32}},"2":{"start":{"line":16,"column":21},"end":{"line":34,"column":2}}},"fnMap":{},"branchMap":{},"s":{"0":16,"1":16,"2":16},"f":{},"b":{},"_coverageSchema":"332fd63041d2c1bcb487cc26dd0d5f7d97098a6c","hash":"dd3f7e2ecc7799564d057623bbb0916779107c96"}
,"/Users/sofiakristiansen/Desktop/Grupparbete-projekt/grupp03-redriver/client/src/utils/Config.js": {"path":"/Users/sofiakristiansen/Desktop/Grupparbete-projekt/grupp03-redriver/client/src/utils/Config.js","statementMap":{"0":{"start":{"line":1,"column":30},"end":{"line":1,"column":67}}},"fnMap":{},"branchMap":{},"s":{"0":5},"f":{},"b":{},"_coverageSchema":"332fd63041d2c1bcb487cc26dd0d5f7d97098a6c","hash":"6b55604b02afff8df2839ab3d4958344b8df5cdd"}
}
