TN:
SF:/Users/sofiakristiansen/Desktop/Grupparbete-projekt/grupp03-redriver/client/src/App.js
FN:51,(anonymous_0)
FN:72,(anonymous_1)
FN:80,(anonymous_2)
FN:95,(anonymous_3)
FN:101,(anonymous_4)
FN:112,(anonymous_5)
FN:125,(anonymous_6)
FN:193,(anonymous_7)
FN:193,(anonymous_8)
FN:205,(anonymous_9)
FN:212,(anonymous_10)
FN:220,(anonymous_11)
FN:242,(anonymous_12)
FN:253,(anonymous_13)
FN:261,(anonymous_14)
FN:273,(anonymous_15)
FN:302,(anonymous_16)
FN:303,(anonymous_17)
FN:304,(anonymous_18)
FN:305,(anonymous_19)
FN:306,(anonymous_20)
FN:307,(anonymous_21)
FN:308,(anonymous_22)
FN:309,(anonymous_23)
FNF:24
FNH:5
FNDA:1,(anonymous_0)
FNDA:0,(anonymous_1)
FNDA:0,(anonymous_2)
FNDA:0,(anonymous_3)
FNDA:0,(anonymous_4)
FNDA:0,(anonymous_5)
FNDA:1,(anonymous_6)
FNDA:3,(anonymous_7)
FNDA:0,(anonymous_8)
FNDA:1,(anonymous_9)
FNDA:0,(anonymous_10)
FNDA:0,(anonymous_11)
FNDA:0,(anonymous_12)
FNDA:0,(anonymous_13)
FNDA:0,(anonymous_14)
FNDA:1,(anonymous_15)
FNDA:0,(anonymous_16)
FNDA:0,(anonymous_17)
FNDA:0,(anonymous_18)
FNDA:0,(anonymous_19)
FNDA:0,(anonymous_20)
FNDA:0,(anonymous_21)
FNDA:0,(anonymous_22)
FNDA:0,(anonymous_23)
DA:52,1
DA:54,1
DA:62,1
DA:63,1
DA:73,0
DA:76,0
DA:77,0
DA:82,0
DA:96,0
DA:101,0
DA:102,0
DA:113,0
DA:126,1
DA:193,3
DA:194,0
DA:207,1
DA:209,0
DA:211,0
DA:213,0
DA:214,0
DA:221,0
DA:228,1
DA:244,0
DA:246,0
DA:248,0
DA:250,0
DA:252,0
DA:254,0
DA:255,0
DA:262,0
DA:275,1
DA:302,0
DA:303,0
DA:304,0
DA:305,0
DA:306,0
DA:307,0
DA:308,0
DA:309,0
LF:39
LH:9
BRDA:207,0,0,0
BRDA:207,0,1,1
BRDA:244,1,0,0
BRDA:244,1,1,0
BRDA:248,2,0,0
BRDA:248,2,1,0
BRDA:250,3,0,0
BRDA:250,3,1,0
BRDA:278,4,0,1
BRDA:278,4,1,0
BRDA:292,5,0,0
BRDA:292,5,1,1
BRF:12
BRH:3
end_of_record
TN:
SF:/Users/sofiakristiansen/Desktop/Grupparbete-projekt/grupp03-redriver/client/src/LocalStorageMock.js
FN:2,(anonymous_0)
FN:6,(anonymous_1)
FN:10,(anonymous_2)
FN:14,(anonymous_3)
FN:18,(anonymous_4)
FNF:5
FNH:2
FNDA:20,(anonymous_0)
FNDA:0,(anonymous_1)
FNDA:1,(anonymous_2)
FNDA:0,(anonymous_3)
FNDA:0,(anonymous_4)
DA:3,20
DA:7,0
DA:11,1
DA:15,0
DA:19,0
DA:23,20
LF:6
LH:3
BRDA:11,0,0,1
BRDA:11,0,1,1
BRF:2
BRH:2
end_of_record
TN:
SF:/Users/sofiakristiansen/Desktop/Grupparbete-projekt/grupp03-redriver/client/src/component/account/UserAccount.js
FN:20,(anonymous_0)
FN:29,(anonymous_1)
FNF:2
FNH:2
FNDA:1,(anonymous_0)
FNDA:1,(anonymous_1)
DA:21,1
DA:23,1
DA:31,1
DA:32,0
DA:35,1
LF:5
LH:4
BRDA:31,0,0,0
BRDA:31,0,1,1
BRF:2
BRH:1
end_of_record
TN:
SF:/Users/sofiakristiansen/Desktop/Grupparbete-projekt/grupp03-redriver/client/src/component/authentication/Login.js
FN:27,(anonymous_0)
FN:45,(anonymous_1)
FN:45,(anonymous_2)
FN:57,(anonymous_3)
FN:68,(anonymous_4)
FN:74,(anonymous_5)
FN:86,(anonymous_6)
FN:104,(anonymous_7)
FNF:8
FNH:6
FNDA:9,(anonymous_0)
FNDA:50,(anonymous_1)
FNDA:2,(anonymous_2)
FNDA:4,(anonymous_3)
FNDA:0,(anonymous_4)
FNDA:0,(anonymous_5)
FNDA:3,(anonymous_6)
FNDA:18,(anonymous_7)
DA:28,9
DA:30,9
DA:36,9
DA:45,50
DA:46,2
DA:59,4
DA:61,4
DA:63,3
DA:67,1
DA:70,0
DA:71,0
DA:72,0
DA:75,0
DA:76,0
DA:88,3
DA:94,3
DA:96,3
DA:106,18
DA:107,2
DA:110,16
LF:20
LH:15
BRDA:61,0,0,3
BRDA:61,0,1,1
BRDA:61,1,0,4
BRDA:61,1,1,3
BRDA:61,1,2,2
BRDA:106,2,0,2
BRDA:106,2,1,16
BRF:7
BRH:7
end_of_record
TN:
SF:/Users/sofiakristiansen/Desktop/Grupparbete-projekt/grupp03-redriver/client/src/component/authentication/NewPassword.js
FN:14,(anonymous_0)
FNF:1
FNH:1
FNDA:1,(anonymous_0)
DA:15,1
LF:1
LH:1
BRF:0
BRH:0
end_of_record
TN:
SF:/Users/sofiakristiansen/Desktop/Grupparbete-projekt/grupp03-redriver/client/src/component/authentication/Register.js
FN:25,(anonymous_0)
FN:54,(anonymous_1)
FN:54,(anonymous_2)
FN:66,(anonymous_3)
FN:77,(anonymous_4)
FN:83,(anonymous_5)
FN:95,(anonymous_6)
FN:122,(anonymous_7)
FNF:8
FNH:6
FNDA:14,(anonymous_0)
FNDA:288,(anonymous_1)
FNDA:2,(anonymous_2)
FNDA:8,(anonymous_3)
FNDA:0,(anonymous_4)
FNDA:0,(anonymous_5)
FNDA:3,(anonymous_6)
FNDA:28,(anonymous_7)
DA:26,14
DA:28,14
DA:45,14
DA:54,288
DA:55,2
DA:68,8
DA:69,2
DA:72,6
DA:73,5
DA:76,1
DA:79,0
DA:80,0
DA:81,0
DA:84,0
DA:85,0
DA:97,3
DA:111,3
DA:113,3
DA:124,28
DA:126,28
DA:127,2
DA:130,26
LF:22
LH:17
BRDA:68,0,0,2
BRDA:68,0,1,6
BRDA:72,1,0,5
BRDA:72,1,1,1
BRDA:72,2,0,6
BRDA:72,2,1,5
BRDA:72,2,2,4
BRDA:72,2,3,3
BRDA:72,2,4,3
BRDA:72,2,5,2
BRDA:126,3,0,2
BRDA:126,3,1,26
BRF:12
BRH:12
end_of_record
TN:
SF:/Users/sofiakristiansen/Desktop/Grupparbete-projekt/grupp03-redriver/client/src/component/chat/ChatList.js
FN:15,(anonymous_0)
FNF:1
FNH:1
FNDA:1,(anonymous_0)
DA:17,1
DA:18,0
DA:21,1
LF:3
LH:2
BRDA:17,0,0,0
BRDA:17,0,1,1
BRF:2
BRH:1
end_of_record
TN:
SF:/Users/sofiakristiansen/Desktop/Grupparbete-projekt/grupp03-redriver/client/src/component/chat/ChatView.js
FN:14,(anonymous_0)
FNF:1
FNH:1
FNDA:1,(anonymous_0)
DA:15,1
LF:1
LH:1
BRF:0
BRH:0
end_of_record
TN:
SF:/Users/sofiakristiansen/Desktop/Grupparbete-projekt/grupp03-redriver/client/src/component/friends/FriendRequests.js
FN:25,(anonymous_0)
FN:42,(anonymous_1)
FN:42,(anonymous_2)
FN:54,(anonymous_3)
FN:61,(anonymous_4)
FN:66,(anonymous_5)
FN:79,(anonymous_6)
FN:96,(anonymous_7)
FNF:8
FNH:6
FNDA:2,(anonymous_0)
FNDA:7,(anonymous_1)
FNDA:1,(anonymous_2)
FNDA:2,(anonymous_3)
FNDA:0,(anonymous_4)
FNDA:0,(anonymous_5)
FNDA:3,(anonymous_6)
FNDA:8,(anonymous_7)
DA:26,2
DA:28,2
DA:33,2
DA:42,7
DA:43,1
DA:56,2
DA:57,1
DA:60,1
DA:63,0
DA:64,0
DA:67,0
DA:68,0
DA:81,3
DA:85,3
DA:87,3
DA:98,8
DA:99,2
DA:102,6
LF:18
LH:14
BRDA:56,0,0,1
BRDA:56,0,1,1
BRDA:98,1,0,2
BRDA:98,1,1,6
BRDA:113,2,0,6
BRDA:113,2,1,0
BRF:6
BRH:5
end_of_record
TN:
SF:/Users/sofiakristiansen/Desktop/Grupparbete-projekt/grupp03-redriver/client/src/component/friends/FriendsList.js
FN:30,(anonymous_0)
FN:46,(anonymous_1)
FN:76,(anonymous_2)
FN:85,(anonymous_3)
FN:88,(anonymous_4)
FN:90,(anonymous_5)
FN:93,(anonymous_6)
FN:99,(anonymous_7)
FN:104,(anonymous_8)
FNF:9
FNH:7
FNDA:6,(anonymous_0)
FNDA:7,(anonymous_1)
FNDA:9,(anonymous_2)
FNDA:6,(anonymous_3)
FNDA:4,(anonymous_4)
FNDA:0,(anonymous_5)
FNDA:0,(anonymous_6)
FNDA:6,(anonymous_7)
FNDA:8,(anonymous_8)
DA:31,6
DA:33,6
DA:48,7
DA:50,7
DA:52,6
DA:67,7
DA:78,9
DA:87,6
DA:90,4
DA:91,0
DA:95,0
DA:96,0
DA:106,8
DA:107,2
DA:110,6
LF:15
LH:12
BRDA:106,0,0,2
BRDA:106,0,1,6
BRF:2
BRH:2
end_of_record
TN:
SF:/Users/sofiakristiansen/Desktop/Grupparbete-projekt/grupp03-redriver/client/src/component/friends/FriendsView.js
FN:16,(anonymous_0)
FNF:1
FNH:1
FNDA:2,(anonymous_0)
DA:18,2
DA:19,1
DA:22,1
LF:3
LH:3
BRDA:18,0,0,1
BRDA:18,0,1,1
BRF:2
BRH:2
end_of_record
TN:
SF:/Users/sofiakristiansen/Desktop/Grupparbete-projekt/grupp03-redriver/client/src/component/settings/Settings.js
FN:24,(anonymous_0)
FN:40,(anonymous_1)
FN:54,(anonymous_2)
FNF:3
FNH:3
FNDA:1,(anonymous_0)
FNDA:1,(anonymous_1)
FNDA:1,(anonymous_2)
DA:25,1
DA:27,1
DA:31,1
DA:42,1
DA:44,0
DA:47,0
DA:50,1
DA:56,1
DA:57,0
DA:60,1
LF:10
LH:7
BRDA:42,0,0,0
BRDA:42,0,1,0
BRDA:42,0,2,1
BRDA:56,1,0,0
BRDA:56,1,1,1
BRDA:62,2,0,1
BRDA:62,2,1,0
BRF:7
BRH:3
end_of_record
TN:
SF:/Users/sofiakristiansen/Desktop/Grupparbete-projekt/grupp03-redriver/client/src/component/settings/admin/SettingsAdmin.js
FN:14,(anonymous_0)
FNF:1
FNH:1
FNDA:1,(anonymous_0)
DA:15,1
LF:1
LH:1
BRF:0
BRH:0
end_of_record
TN:
SF:/Users/sofiakristiansen/Desktop/Grupparbete-projekt/grupp03-redriver/client/src/component/settings/superUser/SettingsSuperUser.js
FN:14,(anonymous_0)
FNF:1
FNH:1
FNDA:1,(anonymous_0)
DA:15,1
LF:1
LH:1
BRF:0
BRH:0
end_of_record
TN:
SF:/Users/sofiakristiansen/Desktop/Grupparbete-projekt/grupp03-redriver/client/src/component/settings/user/ChangePassword.js
FN:22,(anonymous_0)
FN:38,(anonymous_1)
FN:38,(anonymous_2)
FN:51,(anonymous_3)
FN:76,(anonymous_4)
FNF:5
FNH:5
FNDA:7,(anonymous_0)
FNDA:28,(anonymous_1)
FNDA:2,(anonymous_2)
FNDA:4,(anonymous_3)
FNDA:13,(anonymous_4)
DA:23,7
DA:25,7
DA:38,28
DA:39,2
DA:53,4
DA:54,2
DA:57,2
DA:58,1
DA:77,13
LF:9
LH:9
BRDA:53,0,0,2
BRDA:53,0,1,2
BRDA:53,1,0,4
BRDA:53,1,1,3
BRDA:57,2,0,1
BRDA:57,2,1,1
BRF:6
BRH:6
end_of_record
TN:
SF:/Users/sofiakristiansen/Desktop/Grupparbete-projekt/grupp03-redriver/client/src/component/settings/user/SettingsUser.js
FN:36,(anonymous_0)
FN:51,(anonymous_1)
FN:51,(anonymous_2)
FN:63,(anonymous_3)
FN:63,(anonymous_4)
FN:67,(anonymous_5)
FNF:6
FNH:4
FNDA:2,(anonymous_0)
FNDA:4,(anonymous_1)
FNDA:0,(anonymous_2)
FNDA:2,(anonymous_3)
FNDA:0,(anonymous_4)
FNDA:2,(anonymous_5)
DA:37,2
DA:39,2
DA:51,4
DA:52,0
DA:63,2
DA:64,0
DA:69,2
DA:71,2
LF:8
LH:6
BRDA:53,0,0,0
BRDA:53,0,1,0
BRF:2
BRH:0
end_of_record
TN:
SF:/Users/sofiakristiansen/Desktop/Grupparbete-projekt/grupp03-redriver/client/src/component/settings/user/UserDetails.js
FN:21,(anonymous_0)
FN:46,(anonymous_1)
FN:46,(anonymous_2)
FN:58,(anonymous_3)
FN:71,(anonymous_4)
FN:104,(anonymous_5)
FN:205,(anonymous_6)
FN:211,(anonymous_7)
FN:219,(anonymous_8)
FN:222,(anonymous_9)
FNF:10
FNH:10
FNDA:16,(anonymous_0)
FNDA:322,(anonymous_1)
FNDA:2,(anonymous_2)
FNDA:2,(anonymous_3)
FNDA:6,(anonymous_4)
FNDA:32,(anonymous_5)
FNDA:32,(anonymous_6)
FNDA:1,(anonymous_7)
FNDA:1,(anonymous_8)
FNDA:1,(anonymous_9)
DA:22,16
DA:24,16
DA:46,322
DA:47,2
DA:59,2
DA:62,2
DA:73,6
DA:74,4
DA:77,2
DA:78,1
DA:94,1
DA:106,32
DA:206,32
DA:211,1
DA:219,1
DA:222,1
LF:16
LH:16
BRDA:73,0,0,4
BRDA:73,0,1,2
BRDA:73,1,0,6
BRDA:73,1,1,5
BRDA:73,1,2,4
BRDA:73,1,3,3
BRDA:77,2,0,1
BRDA:77,2,1,1
BRDA:208,3,0,27
BRDA:208,3,1,5
BRF:10
BRH:10
end_of_record
TN:
SF:/Users/sofiakristiansen/Desktop/Grupparbete-projekt/grupp03-redriver/client/src/examples-for-tests/Link.react.js
FN:10,(anonymous_0)
FN:21,(anonymous_1)
FN:25,(anonymous_2)
FN:29,(anonymous_3)
FNF:4
FNH:4
FNDA:1,(anonymous_0)
FNDA:1,(anonymous_1)
FNDA:1,(anonymous_2)
FNDA:3,(anonymous_3)
DA:4,1
DA:11,1
DA:13,1
DA:14,1
DA:16,1
DA:22,1
DA:26,1
DA:30,3
LF:8
LH:8
BRDA:33,0,0,3
BRDA:33,0,1,0
BRF:2
BRH:1
end_of_record
TN:
SF:/Users/sofiakristiansen/Desktop/Grupparbete-projekt/grupp03-redriver/client/src/examples-for-tests/objectAssignment.js
FN:1,ObjectAssignment
FNF:1
FNH:1
FNDA:2,ObjectAssignment
DA:2,2
DA:3,2
DA:4,2
DA:6,1
LF:4
LH:4
BRF:0
BRH:0
end_of_record
TN:
SF:/Users/sofiakristiansen/Desktop/Grupparbete-projekt/grupp03-redriver/client/src/examples-for-tests/sum.js
FN:1,Sum
FNF:1
FNH:1
FNDA:10,Sum
DA:2,10
DA:4,1
LF:2
LH:2
BRF:0
BRH:0
end_of_record
TN:
SF:/Users/sofiakristiansen/Desktop/Grupparbete-projekt/grupp03-redriver/client/src/styles/AccountStyles.js
FNF:0
FNH:0
DA:10,2
LF:1
LH:1
BRF:0
BRH:0
end_of_record
TN:
SF:/Users/sofiakristiansen/Desktop/Grupparbete-projekt/grupp03-redriver/client/src/styles/AppStyles.js
FNF:0
FNH:0
DA:11,1
LF:1
LH:1
BRF:0
BRH:0
end_of_record
TN:
SF:/Users/sofiakristiansen/Desktop/Grupparbete-projekt/grupp03-redriver/client/src/styles/AuthStyles.js
FNF:0
FNH:0
DA:10,7
DA:73,7
DA:129,7
LF:3
LH:3
BRF:0
BRH:0
end_of_record
TN:
SF:/Users/sofiakristiansen/Desktop/Grupparbete-projekt/grupp03-redriver/client/src/styles/ChatStyles.js
FNF:0
FNH:0
DA:10,3
DA:16,3
LF:2
LH:2
BRF:0
BRH:0
end_of_record
TN:
SF:/Users/sofiakristiansen/Desktop/Grupparbete-projekt/grupp03-redriver/client/src/styles/FriendsStyles.js
FNF:0
FNH:0
DA:10,4
DA:28,4
DA:34,4
LF:3
LH:3
BRF:0
BRH:0
end_of_record
TN:
SF:/Users/sofiakristiansen/Desktop/Grupparbete-projekt/grupp03-redriver/client/src/styles/SettingsStyles.js
FNF:0
FNH:0
DA:10,7
DA:16,7
DA:22,7
DA:61,7
LF:4
LH:4
BRF:0
BRH:0
end_of_record
TN:
SF:/Users/sofiakristiansen/Desktop/Grupparbete-projekt/grupp03-redriver/client/src/styles/Styles.js
FNF:0
FNH:0
DA:7,16
DA:8,16
DA:16,16
LF:3
LH:3
BRF:0
BRH:0
end_of_record
TN:
SF:/Users/sofiakristiansen/Desktop/Grupparbete-projekt/grupp03-redriver/client/src/utils/Config.js
FNF:0
FNH:0
DA:1,5
LF:1
LH:1
BRF:0
BRH:0
end_of_record
