{"/Users/sofiakristiansen/Desktop/Grupparbete-projekt/grupp03-redriver/client/src/App.js": {"path":"/Users/sofiakristiansen/Desktop/Grupparbete-projekt/grupp03-redriver/client/src/App.js","statementMap":{"0":{"start":{"line":51,"column":8},"end":{"line":51,"column":21}},"1":{"start":{"line":53,"column":8},"end":{"line":60,"column":10}},"2":{"start":{"line":61,"column":8},"end":{"line":61,"column":57}},"3":{"start":{"line":62,"column":8},"end":{"line":62,"column":53}},"4":{"start":{"line":72,"column":8},"end":{"line":74,"column":11}},"5":{"start":{"line":75,"column":8},"end":{"line":75,"column":41}},"6":{"start":{"line":76,"column":8},"end":{"line":76,"column":44}},"7":{"start":{"line":81,"column":8},"end":{"line":85,"column":11}},"8":{"start":{"line":95,"column":8},"end":{"line":98,"column":11}},"9":{"start":{"line":100,"column":8},"end":{"line":102,"column":17}},"10":{"start":{"line":101,"column":12},"end":{"line":101,"column":33}},"11":{"start":{"line":112,"column":8},"end":{"line":115,"column":11}},"12":{"start":{"line":125,"column":8},"end":{"line":182,"column":10}},"13":{"start":{"line":192,"column":27},"end":{"line":196,"column":5}},"14":{"start":{"line":193,"column":8},"end":{"line":195,"column":11}},"15":{"start":{"line":206,"column":8},"end":{"line":231,"column":9}},"16":{"start":{"line":208,"column":24},"end":{"line":208,"column":65}},"17":{"start":{"line":210,"column":12},"end":{"line":224,"column":15}},"18":{"start":{"line":212,"column":20},"end":{"line":212,"column":42}},"19":{"start":{"line":213,"column":20},"end":{"line":218,"column":23}},"20":{"start":{"line":220,"column":16},"end":{"line":223,"column":19}},"21":{"start":{"line":227,"column":12},"end":{"line":230,"column":15}},"22":{"start":{"line":243,"column":8},"end":{"line":268,"column":9}},"23":{"start":{"line":245,"column":24},"end":{"line":245,"column":65}},"24":{"start":{"line":247,"column":12},"end":{"line":267,"column":13}},"25":{"start":{"line":249,"column":16},"end":{"line":266,"column":17}},"26":{"start":{"line":251,"column":20},"end":{"line":265,"column":23}},"27":{"start":{"line":253,"column":28},"end":{"line":253,"column":50}},"28":{"start":{"line":254,"column":28},"end":{"line":259,"column":31}},"29":{"start":{"line":261,"column":24},"end":{"line":264,"column":27}},"30":{"start":{"line":275,"column":4},"end":{"line":337,"column":6}},"31":{"start":{"line":302,"column":78},"end":{"line":302,"column":111}},"32":{"start":{"line":303,"column":70},"end":{"line":303,"column":100}},"33":{"start":{"line":304,"column":72},"end":{"line":304,"column":105}},"34":{"start":{"line":305,"column":73},"end":{"line":305,"column":103}},"35":{"start":{"line":306,"column":70},"end":{"line":306,"column":130}},"36":{"start":{"line":307,"column":73},"end":{"line":307,"column":136}},"37":{"start":{"line":308,"column":73},"end":{"line":308,"column":106}}},"fnMap":{"0":{"name":"(anonymous_0)","decl":{"start":{"line":50,"column":4},"end":{"line":50,"column":5}},"loc":{"start":{"line":50,"column":22},"end":{"line":63,"column":5}},"line":50},"1":{"name":"(anonymous_1)","decl":{"start":{"line":71,"column":4},"end":{"line":71,"column":5}},"loc":{"start":{"line":71,"column":17},"end":{"line":77,"column":5}},"line":71},"2":{"name":"(anonymous_2)","decl":{"start":{"line":79,"column":4},"end":{"line":79,"column":5}},"loc":{"start":{"line":79,"column":21},"end":{"line":86,"column":5}},"line":79},"3":{"name":"(anonymous_3)","decl":{"start":{"line":94,"column":19},"end":{"line":94,"column":20}},"loc":{"start":{"line":94,"column":32},"end":{"line":103,"column":5}},"line":94},"4":{"name":"(anonymous_4)","decl":{"start":{"line":100,"column":19},"end":{"line":100,"column":20}},"loc":{"start":{"line":100,"column":25},"end":{"line":102,"column":9}},"line":100},"5":{"name":"(anonymous_5)","decl":{"start":{"line":111,"column":20},"end":{"line":111,"column":21}},"loc":{"start":{"line":111,"column":26},"end":{"line":116,"column":5}},"line":111},"6":{"name":"(anonymous_6)","decl":{"start":{"line":124,"column":18},"end":{"line":124,"column":19}},"loc":{"start":{"line":124,"column":24},"end":{"line":184,"column":5}},"line":124},"7":{"name":"(anonymous_7)","decl":{"start":{"line":192,"column":17},"end":{"line":192,"column":18}},"loc":{"start":{"line":192,"column":27},"end":{"line":196,"column":5}},"line":192},"8":{"name":"(anonymous_8)","decl":{"start":{"line":192,"column":27},"end":{"line":192,"column":28}},"loc":{"start":{"line":192,"column":33},"end":{"line":196,"column":5}},"line":192},"9":{"name":"(anonymous_9)","decl":{"start":{"line":204,"column":4},"end":{"line":204,"column":5}},"loc":{"start":{"line":204,"column":25},"end":{"line":233,"column":5}},"line":204},"10":{"name":"(anonymous_10)","decl":{"start":{"line":211,"column":22},"end":{"line":211,"column":23}},"loc":{"start":{"line":211,"column":36},"end":{"line":219,"column":17}},"line":211},"11":{"name":"(anonymous_11)","decl":{"start":{"line":219,"column":25},"end":{"line":219,"column":26}},"loc":{"start":{"line":219,"column":36},"end":{"line":224,"column":13}},"line":219},"12":{"name":"(anonymous_12)","decl":{"start":{"line":241,"column":4},"end":{"line":241,"column":5}},"loc":{"start":{"line":241,"column":26},"end":{"line":270,"column":5}},"line":241},"13":{"name":"(anonymous_13)","decl":{"start":{"line":252,"column":30},"end":{"line":252,"column":31}},"loc":{"start":{"line":252,"column":44},"end":{"line":260,"column":25}},"line":252},"14":{"name":"(anonymous_14)","decl":{"start":{"line":260,"column":33},"end":{"line":260,"column":34}},"loc":{"start":{"line":260,"column":44},"end":{"line":265,"column":21}},"line":260},"15":{"name":"(anonymous_15)","decl":{"start":{"line":273,"column":4},"end":{"line":273,"column":5}},"loc":{"start":{"line":273,"column":13},"end":{"line":338,"column":3}},"line":273},"16":{"name":"(anonymous_16)","decl":{"start":{"line":302,"column":72},"end":{"line":302,"column":73}},"loc":{"start":{"line":302,"column":78},"end":{"line":302,"column":111}},"line":302},"17":{"name":"(anonymous_17)","decl":{"start":{"line":303,"column":64},"end":{"line":303,"column":65}},"loc":{"start":{"line":303,"column":70},"end":{"line":303,"column":100}},"line":303},"18":{"name":"(anonymous_18)","decl":{"start":{"line":304,"column":66},"end":{"line":304,"column":67}},"loc":{"start":{"line":304,"column":72},"end":{"line":304,"column":105}},"line":304},"19":{"name":"(anonymous_19)","decl":{"start":{"line":305,"column":67},"end":{"line":305,"column":68}},"loc":{"start":{"line":305,"column":73},"end":{"line":305,"column":103}},"line":305},"20":{"name":"(anonymous_20)","decl":{"start":{"line":306,"column":64},"end":{"line":306,"column":65}},"loc":{"start":{"line":306,"column":70},"end":{"line":306,"column":130}},"line":306},"21":{"name":"(anonymous_21)","decl":{"start":{"line":307,"column":67},"end":{"line":307,"column":68}},"loc":{"start":{"line":307,"column":73},"end":{"line":307,"column":136}},"line":307},"22":{"name":"(anonymous_22)","decl":{"start":{"line":308,"column":67},"end":{"line":308,"column":68}},"loc":{"start":{"line":308,"column":73},"end":{"line":308,"column":106}},"line":308}},"branchMap":{"0":{"loc":{"start":{"line":206,"column":8},"end":{"line":231,"column":9}},"type":"if","locations":[{"start":{"line":206,"column":8},"end":{"line":231,"column":9}},{"start":{"line":206,"column":8},"end":{"line":231,"column":9}}],"line":206},"1":{"loc":{"start":{"line":243,"column":8},"end":{"line":268,"column":9}},"type":"if","locations":[{"start":{"line":243,"column":8},"end":{"line":268,"column":9}},{"start":{"line":243,"column":8},"end":{"line":268,"column":9}}],"line":243},"2":{"loc":{"start":{"line":247,"column":12},"end":{"line":267,"column":13}},"type":"if","locations":[{"start":{"line":247,"column":12},"end":{"line":267,"column":13}},{"start":{"line":247,"column":12},"end":{"line":267,"column":13}}],"line":247},"3":{"loc":{"start":{"line":249,"column":16},"end":{"line":266,"column":17}},"type":"if","locations":[{"start":{"line":249,"column":16},"end":{"line":266,"column":17}},{"start":{"line":249,"column":16},"end":{"line":266,"column":17}}],"line":249},"4":{"loc":{"start":{"line":278,"column":17},"end":{"line":334,"column":17}},"type":"cond-expr","locations":[{"start":{"line":279,"column":20},"end":{"line":329,"column":26}},{"start":{"line":331,"column":20},"end":{"line":333,"column":26}}],"line":278},"5":{"loc":{"start":{"line":292,"column":37},"end":{"line":298,"column":37}},"type":"cond-expr","locations":[{"start":{"line":293,"column":40},"end":{"line":295,"column":53}},{"start":{"line":297,"column":40},"end":{"line":297,"column":48}}],"line":292}},"s":{"0":1,"1":1,"2":1,"3":1,"4":0,"5":0,"6":0,"7":0,"8":0,"9":0,"10":0,"11":0,"12":1,"13":3,"14":0,"15":1,"16":0,"17":0,"18":0,"19":0,"20":0,"21":1,"22":0,"23":0,"24":0,"25":0,"26":0,"27":0,"28":0,"29":0,"30":1,"31":0,"32":0,"33":0,"34":0,"35":0,"36":0,"37":0},"f":{"0":1,"1":0,"2":0,"3":0,"4":0,"5":0,"6":1,"7":3,"8":0,"9":1,"10":0,"11":0,"12":0,"13":0,"14":0,"15":1,"16":0,"17":0,"18":0,"19":0,"20":0,"21":0,"22":0},"b":{"0":[0,1],"1":[0,0],"2":[0,0],"3":[0,0],"4":[1,0],"5":[0,1]},"_coverageSchema":"332fd63041d2c1bcb487cc26dd0d5f7d97098a6c","hash":"77a2a4a91bca658830fc28a16354d1ce3a67310d"}
,"/Users/sofiakristiansen/Desktop/Grupparbete-projekt/grupp03-redriver/client/src/LocalStorageMock.js": {"path":"/Users/sofiakristiansen/Desktop/Grupparbete-projekt/grupp03-redriver/client/src/LocalStorageMock.js","statementMap":{"0":{"start":{"line":3,"column":4},"end":{"line":3,"column":19}},"1":{"start":{"line":7,"column":4},"end":{"line":7,"column":19}},"2":{"start":{"line":11,"column":4},"end":{"line":11,"column":34}},"3":{"start":{"line":15,"column":4},"end":{"line":15,"column":27}},"4":{"start":{"line":19,"column":4},"end":{"line":19,"column":26}},"5":{"start":{"line":23,"column":0},"end":{"line":23,"column":43}}},"fnMap":{"0":{"name":"(anonymous_0)","decl":{"start":{"line":2,"column":2},"end":{"line":2,"column":3}},"loc":{"start":{"line":2,"column":16},"end":{"line":4,"column":3}},"line":2},"1":{"name":"(anonymous_1)","decl":{"start":{"line":6,"column":2},"end":{"line":6,"column":3}},"loc":{"start":{"line":6,"column":10},"end":{"line":8,"column":3}},"line":6},"2":{"name":"(anonymous_2)","decl":{"start":{"line":10,"column":2},"end":{"line":10,"column":3}},"loc":{"start":{"line":10,"column":15},"end":{"line":12,"column":3}},"line":10},"3":{"name":"(anonymous_3)","decl":{"start":{"line":14,"column":2},"end":{"line":14,"column":3}},"loc":{"start":{"line":14,"column":22},"end":{"line":16,"column":3}},"line":14},"4":{"name":"(anonymous_4)","decl":{"start":{"line":18,"column":2},"end":{"line":18,"column":3}},"loc":{"start":{"line":18,"column":18},"end":{"line":20,"column":3}},"line":18}},"branchMap":{"0":{"loc":{"start":{"line":11,"column":11},"end":{"line":11,"column":34}},"type":"binary-expr","locations":[{"start":{"line":11,"column":11},"end":{"line":11,"column":26}},{"start":{"line":11,"column":30},"end":{"line":11,"column":34}}],"line":11}},"s":{"0":18,"1":0,"2":1,"3":0,"4":0,"5":18},"f":{"0":18,"1":0,"2":1,"3":0,"4":0},"b":{"0":[1,1]},"_coverageSchema":"332fd63041d2c1bcb487cc26dd0d5f7d97098a6c","hash":"49b007f51c1686ecf45a2fe4e2b53bb7938b104e"}
,"/Users/sofiakristiansen/Desktop/Grupparbete-projekt/grupp03-redriver/client/src/component/account/UserAccount.js": {"path":"/Users/sofiakristiansen/Desktop/Grupparbete-projekt/grupp03-redriver/client/src/component/account/UserAccount.js","statementMap":{"0":{"start":{"line":21,"column":8},"end":{"line":21,"column":21}},"1":{"start":{"line":23,"column":8},"end":{"line":25,"column":10}},"2":{"start":{"line":31,"column":8},"end":{"line":33,"column":9}},"3":{"start":{"line":32,"column":12},"end":{"line":32,"column":43}},"4":{"start":{"line":35,"column":8},"end":{"line":70,"column":10}}},"fnMap":{"0":{"name":"(anonymous_0)","decl":{"start":{"line":20,"column":4},"end":{"line":20,"column":5}},"loc":{"start":{"line":20,"column":22},"end":{"line":27,"column":5}},"line":20},"1":{"name":"(anonymous_1)","decl":{"start":{"line":29,"column":4},"end":{"line":29,"column":5}},"loc":{"start":{"line":29,"column":13},"end":{"line":71,"column":5}},"line":29}},"branchMap":{"0":{"loc":{"start":{"line":31,"column":8},"end":{"line":33,"column":9}},"type":"if","locations":[{"start":{"line":31,"column":8},"end":{"line":33,"column":9}},{"start":{"line":31,"column":8},"end":{"line":33,"column":9}}],"line":31}},"s":{"0":1,"1":1,"2":1,"3":0,"4":1},"f":{"0":1,"1":1},"b":{"0":[0,1]},"_coverageSchema":"332fd63041d2c1bcb487cc26dd0d5f7d97098a6c","hash":"9be7073f8ce1150e8baf88e03ac15d302e587db7"}
,"/Users/sofiakristiansen/Desktop/Grupparbete-projekt/grupp03-redriver/client/src/component/authentication/Login.js": {"path":"/Users/sofiakristiansen/Desktop/Grupparbete-projekt/grupp03-redriver/client/src/component/authentication/Login.js","statementMap":{"0":{"start":{"line":28,"column":8},"end":{"line":28,"column":21}},"1":{"start":{"line":30,"column":8},"end":{"line":34,"column":10}},"2":{"start":{"line":36,"column":8},"end":{"line":36,"column":57}},"3":{"start":{"line":45,"column":27},"end":{"line":49,"column":5}},"4":{"start":{"line":46,"column":8},"end":{"line":48,"column":11}},"5":{"start":{"line":59,"column":8},"end":{"line":59,"column":32}},"6":{"start":{"line":61,"column":8},"end":{"line":64,"column":9}},"7":{"start":{"line":63,"column":12},"end":{"line":63,"column":76}},"8":{"start":{"line":67,"column":8},"end":{"line":77,"column":11}},"9":{"start":{"line":70,"column":16},"end":{"line":70,"column":38}},"10":{"start":{"line":71,"column":16},"end":{"line":71,"column":83}},"11":{"start":{"line":72,"column":16},"end":{"line":72,"column":89}},"12":{"start":{"line":75,"column":12},"end":{"line":75,"column":29}},"13":{"start":{"line":76,"column":12},"end":{"line":76,"column":75}},"14":{"start":{"line":88,"column":22},"end":{"line":92,"column":9}},"15":{"start":{"line":94,"column":8},"end":{"line":94,"column":45}},"16":{"start":{"line":96,"column":8},"end":{"line":101,"column":11}},"17":{"start":{"line":106,"column":8},"end":{"line":108,"column":9}},"18":{"start":{"line":107,"column":12},"end":{"line":107,"column":38}},"19":{"start":{"line":110,"column":8},"end":{"line":162,"column":10}}},"fnMap":{"0":{"name":"(anonymous_0)","decl":{"start":{"line":27,"column":4},"end":{"line":27,"column":5}},"loc":{"start":{"line":27,"column":22},"end":{"line":37,"column":5}},"line":27},"1":{"name":"(anonymous_1)","decl":{"start":{"line":45,"column":19},"end":{"line":45,"column":20}},"loc":{"start":{"line":45,"column":27},"end":{"line":49,"column":5}},"line":45},"2":{"name":"(anonymous_2)","decl":{"start":{"line":45,"column":27},"end":{"line":45,"column":28}},"loc":{"start":{"line":45,"column":36},"end":{"line":49,"column":5}},"line":45},"3":{"name":"(anonymous_3)","decl":{"start":{"line":57,"column":4},"end":{"line":57,"column":5}},"loc":{"start":{"line":57,"column":19},"end":{"line":78,"column":5}},"line":57},"4":{"name":"(anonymous_4)","decl":{"start":{"line":68,"column":18},"end":{"line":68,"column":19}},"loc":{"start":{"line":68,"column":32},"end":{"line":74,"column":13}},"line":68},"5":{"name":"(anonymous_5)","decl":{"start":{"line":74,"column":21},"end":{"line":74,"column":22}},"loc":{"start":{"line":74,"column":30},"end":{"line":77,"column":9}},"line":74},"6":{"name":"(anonymous_6)","decl":{"start":{"line":86,"column":4},"end":{"line":86,"column":5}},"loc":{"start":{"line":86,"column":18},"end":{"line":102,"column":5}},"line":86},"7":{"name":"(anonymous_7)","decl":{"start":{"line":104,"column":4},"end":{"line":104,"column":5}},"loc":{"start":{"line":104,"column":13},"end":{"line":163,"column":5}},"line":104}},"branchMap":{"0":{"loc":{"start":{"line":61,"column":8},"end":{"line":64,"column":9}},"type":"if","locations":[{"start":{"line":61,"column":8},"end":{"line":64,"column":9}},{"start":{"line":61,"column":8},"end":{"line":64,"column":9}}],"line":61},"1":{"loc":{"start":{"line":61,"column":12},"end":{"line":61,"column":95}},"type":"binary-expr","locations":[{"start":{"line":61,"column":12},"end":{"line":61,"column":38}},{"start":{"line":61,"column":42},"end":{"line":61,"column":68}},{"start":{"line":61,"column":72},"end":{"line":61,"column":95}}],"line":61},"2":{"loc":{"start":{"line":106,"column":8},"end":{"line":108,"column":9}},"type":"if","locations":[{"start":{"line":106,"column":8},"end":{"line":108,"column":9}},{"start":{"line":106,"column":8},"end":{"line":108,"column":9}}],"line":106}},"s":{"0":1,"1":1,"2":1,"3":3,"4":0,"5":0,"6":0,"7":0,"8":0,"9":0,"10":0,"11":0,"12":0,"13":0,"14":0,"15":0,"16":0,"17":1,"18":0,"19":1},"f":{"0":1,"1":3,"2":0,"3":0,"4":0,"5":0,"6":0,"7":1},"b":{"0":[0,0],"1":[0,0,0],"2":[0,1]},"_coverageSchema":"332fd63041d2c1bcb487cc26dd0d5f7d97098a6c","hash":"dcd4217ecf1b82fe80cc874fa587cb5141172eea"}
,"/Users/sofiakristiansen/Desktop/Grupparbete-projekt/grupp03-redriver/client/src/component/authentication/NewPassword.js": {"path":"/Users/sofiakristiansen/Desktop/Grupparbete-projekt/grupp03-redriver/client/src/component/authentication/NewPassword.js","statementMap":{"0":{"start":{"line":15,"column":8},"end":{"line":20,"column":10}}},"fnMap":{"0":{"name":"(anonymous_0)","decl":{"start":{"line":14,"column":4},"end":{"line":14,"column":5}},"loc":{"start":{"line":14,"column":13},"end":{"line":21,"column":5}},"line":14}},"branchMap":{},"s":{"0":1},"f":{"0":1},"b":{},"_coverageSchema":"332fd63041d2c1bcb487cc26dd0d5f7d97098a6c","hash":"d239b53541c72a62bc876197a28b6e47bbf0653c"}
,"/Users/sofiakristiansen/Desktop/Grupparbete-projekt/grupp03-redriver/client/src/component/authentication/Register.js": {"path":"/Users/sofiakristiansen/Desktop/Grupparbete-projekt/grupp03-redriver/client/src/component/authentication/Register.js","statementMap":{"0":{"start":{"line":27,"column":8},"end":{"line":27,"column":21}},"1":{"start":{"line":29,"column":8},"end":{"line":44,"column":10}},"2":{"start":{"line":46,"column":8},"end":{"line":46,"column":57}},"3":{"start":{"line":55,"column":27},"end":{"line":59,"column":5}},"4":{"start":{"line":56,"column":8},"end":{"line":58,"column":11}},"5":{"start":{"line":69,"column":8},"end":{"line":69,"column":32}},"6":{"start":{"line":71,"column":8},"end":{"line":77,"column":9}},"7":{"start":{"line":72,"column":12},"end":{"line":72,"column":46}},"8":{"start":{"line":74,"column":12},"end":{"line":76,"column":13}},"9":{"start":{"line":75,"column":16},"end":{"line":75,"column":80}},"10":{"start":{"line":79,"column":8},"end":{"line":81,"column":9}},"11":{"start":{"line":80,"column":12},"end":{"line":80,"column":71}},"12":{"start":{"line":83,"column":8},"end":{"line":93,"column":11}},"13":{"start":{"line":86,"column":16},"end":{"line":86,"column":38}},"14":{"start":{"line":87,"column":16},"end":{"line":87,"column":49}},"15":{"start":{"line":88,"column":16},"end":{"line":88,"column":94}},"16":{"start":{"line":91,"column":16},"end":{"line":91,"column":33}},"17":{"start":{"line":92,"column":16},"end":{"line":92,"column":79}},"18":{"start":{"line":105,"column":22},"end":{"line":117,"column":9}},"19":{"start":{"line":119,"column":8},"end":{"line":119,"column":45}},"20":{"start":{"line":121,"column":8},"end":{"line":126,"column":11}},"21":{"start":{"line":132,"column":29},"end":{"line":132,"column":39}},"22":{"start":{"line":134,"column":8},"end":{"line":136,"column":9}},"23":{"start":{"line":135,"column":12},"end":{"line":135,"column":55}},"24":{"start":{"line":138,"column":8},"end":{"line":270,"column":10}},"25":{"start":{"line":255,"column":28},"end":{"line":257,"column":29}},"26":{"start":{"line":256,"column":32},"end":{"line":256,"column":51}}},"fnMap":{"0":{"name":"(anonymous_0)","decl":{"start":{"line":26,"column":4},"end":{"line":26,"column":5}},"loc":{"start":{"line":26,"column":22},"end":{"line":47,"column":5}},"line":26},"1":{"name":"(anonymous_1)","decl":{"start":{"line":55,"column":19},"end":{"line":55,"column":20}},"loc":{"start":{"line":55,"column":27},"end":{"line":59,"column":5}},"line":55},"2":{"name":"(anonymous_2)","decl":{"start":{"line":55,"column":27},"end":{"line":55,"column":28}},"loc":{"start":{"line":55,"column":36},"end":{"line":59,"column":5}},"line":55},"3":{"name":"(anonymous_3)","decl":{"start":{"line":67,"column":4},"end":{"line":67,"column":5}},"loc":{"start":{"line":67,"column":19},"end":{"line":95,"column":5}},"line":67},"4":{"name":"(anonymous_4)","decl":{"start":{"line":84,"column":18},"end":{"line":84,"column":19}},"loc":{"start":{"line":84,"column":32},"end":{"line":90,"column":13}},"line":84},"5":{"name":"(anonymous_5)","decl":{"start":{"line":90,"column":21},"end":{"line":90,"column":22}},"loc":{"start":{"line":90,"column":30},"end":{"line":93,"column":9}},"line":90},"6":{"name":"(anonymous_6)","decl":{"start":{"line":103,"column":4},"end":{"line":103,"column":5}},"loc":{"start":{"line":103,"column":18},"end":{"line":128,"column":5}},"line":103},"7":{"name":"(anonymous_7)","decl":{"start":{"line":130,"column":4},"end":{"line":130,"column":5}},"loc":{"start":{"line":130,"column":13},"end":{"line":271,"column":5}},"line":130},"8":{"name":"(anonymous_8)","decl":{"start":{"line":254,"column":35},"end":{"line":254,"column":36}},"loc":{"start":{"line":254,"column":44},"end":{"line":258,"column":25}},"line":254}},"branchMap":{"0":{"loc":{"start":{"line":74,"column":12},"end":{"line":76,"column":13}},"type":"if","locations":[{"start":{"line":74,"column":12},"end":{"line":76,"column":13}},{"start":{"line":74,"column":12},"end":{"line":76,"column":13}}],"line":74},"1":{"loc":{"start":{"line":79,"column":8},"end":{"line":81,"column":9}},"type":"if","locations":[{"start":{"line":79,"column":8},"end":{"line":81,"column":9}},{"start":{"line":79,"column":8},"end":{"line":81,"column":9}}],"line":79},"2":{"loc":{"start":{"line":134,"column":8},"end":{"line":136,"column":9}},"type":"if","locations":[{"start":{"line":134,"column":8},"end":{"line":136,"column":9}},{"start":{"line":134,"column":8},"end":{"line":136,"column":9}}],"line":134},"3":{"loc":{"start":{"line":255,"column":28},"end":{"line":257,"column":29}},"type":"if","locations":[{"start":{"line":255,"column":28},"end":{"line":257,"column":29}},{"start":{"line":255,"column":28},"end":{"line":257,"column":29}}],"line":255}},"s":{"0":1,"1":1,"2":1,"3":12,"4":0,"5":0,"6":0,"7":0,"8":0,"9":0,"10":0,"11":0,"12":0,"13":0,"14":0,"15":0,"16":0,"17":0,"18":0,"19":0,"20":0,"21":1,"22":1,"23":0,"24":1,"25":0,"26":0},"f":{"0":1,"1":12,"2":0,"3":0,"4":0,"5":0,"6":0,"7":1,"8":0},"b":{"0":[0,0],"1":[0,0],"2":[0,1],"3":[0,0]},"_coverageSchema":"332fd63041d2c1bcb487cc26dd0d5f7d97098a6c","hash":"9204d21f4fd6da07c8f07e7208c1d90c2e0c634e"}
,"/Users/sofiakristiansen/Desktop/Grupparbete-projekt/grupp03-redriver/client/src/component/chat/ChatList.js": {"path":"/Users/sofiakristiansen/Desktop/Grupparbete-projekt/grupp03-redriver/client/src/component/chat/ChatList.js","statementMap":{"0":{"start":{"line":17,"column":8},"end":{"line":19,"column":9}},"1":{"start":{"line":18,"column":12},"end":{"line":18,"column":43}},"2":{"start":{"line":21,"column":8},"end":{"line":26,"column":10}}},"fnMap":{"0":{"name":"(anonymous_0)","decl":{"start":{"line":15,"column":4},"end":{"line":15,"column":5}},"loc":{"start":{"line":15,"column":13},"end":{"line":27,"column":5}},"line":15}},"branchMap":{"0":{"loc":{"start":{"line":17,"column":8},"end":{"line":19,"column":9}},"type":"if","locations":[{"start":{"line":17,"column":8},"end":{"line":19,"column":9}},{"start":{"line":17,"column":8},"end":{"line":19,"column":9}}],"line":17}},"s":{"0":1,"1":0,"2":1},"f":{"0":1},"b":{"0":[0,1]},"_coverageSchema":"332fd63041d2c1bcb487cc26dd0d5f7d97098a6c","hash":"efefc697e31f1b8fd8d6bda7e0320542d012fe18"}
,"/Users/sofiakristiansen/Desktop/Grupparbete-projekt/grupp03-redriver/client/src/component/chat/ChatView.js": {"path":"/Users/sofiakristiansen/Desktop/Grupparbete-projekt/grupp03-redriver/client/src/component/chat/ChatView.js","statementMap":{"0":{"start":{"line":15,"column":8},"end":{"line":20,"column":10}}},"fnMap":{"0":{"name":"(anonymous_0)","decl":{"start":{"line":14,"column":4},"end":{"line":14,"column":5}},"loc":{"start":{"line":14,"column":13},"end":{"line":21,"column":5}},"line":14}},"branchMap":{},"s":{"0":1},"f":{"0":1},"b":{},"_coverageSchema":"332fd63041d2c1bcb487cc26dd0d5f7d97098a6c","hash":"daaceeb43d736d33884d2d4d88e8b4c29b0fdd99"}
,"/Users/sofiakristiansen/Desktop/Grupparbete-projekt/grupp03-redriver/client/src/component/friends/FriendsList.js": {"path":"/Users/sofiakristiansen/Desktop/Grupparbete-projekt/grupp03-redriver/client/src/component/friends/FriendsList.js","statementMap":{"0":{"start":{"line":17,"column":8},"end":{"line":19,"column":9}},"1":{"start":{"line":18,"column":12},"end":{"line":18,"column":43}},"2":{"start":{"line":21,"column":8},"end":{"line":26,"column":10}}},"fnMap":{"0":{"name":"(anonymous_0)","decl":{"start":{"line":15,"column":4},"end":{"line":15,"column":5}},"loc":{"start":{"line":15,"column":13},"end":{"line":27,"column":5}},"line":15}},"branchMap":{"0":{"loc":{"start":{"line":17,"column":8},"end":{"line":19,"column":9}},"type":"if","locations":[{"start":{"line":17,"column":8},"end":{"line":19,"column":9}},{"start":{"line":17,"column":8},"end":{"line":19,"column":9}}],"line":17}},"s":{"0":1,"1":0,"2":1},"f":{"0":1},"b":{"0":[0,1]},"_coverageSchema":"332fd63041d2c1bcb487cc26dd0d5f7d97098a6c","hash":"fb53dbab5f827c039275975d200c82afb80cd1b9"}
,"/Users/sofiakristiansen/Desktop/Grupparbete-projekt/grupp03-redriver/client/src/component/friends/FriendsView.js": {"path":"/Users/sofiakristiansen/Desktop/Grupparbete-projekt/grupp03-redriver/client/src/component/friends/FriendsView.js","statementMap":{"0":{"start":{"line":18,"column":8},"end":{"line":20,"column":9}},"1":{"start":{"line":19,"column":12},"end":{"line":19,"column":43}},"2":{"start":{"line":22,"column":8},"end":{"line":27,"column":10}}},"fnMap":{"0":{"name":"(anonymous_0)","decl":{"start":{"line":16,"column":4},"end":{"line":16,"column":5}},"loc":{"start":{"line":16,"column":13},"end":{"line":28,"column":5}},"line":16}},"branchMap":{"0":{"loc":{"start":{"line":18,"column":8},"end":{"line":20,"column":9}},"type":"if","locations":[{"start":{"line":18,"column":8},"end":{"line":20,"column":9}},{"start":{"line":18,"column":8},"end":{"line":20,"column":9}}],"line":18}},"s":{"0":1,"1":0,"2":1},"f":{"0":1},"b":{"0":[0,1]},"_coverageSchema":"332fd63041d2c1bcb487cc26dd0d5f7d97098a6c","hash":"a3a51e2159656914c59cb78cac0d4944102b04c8"}
,"/Users/sofiakristiansen/Desktop/Grupparbete-projekt/grupp03-redriver/client/src/component/settings/Settings.js": {"path":"/Users/sofiakristiansen/Desktop/Grupparbete-projekt/grupp03-redriver/client/src/component/settings/Settings.js","statementMap":{"0":{"start":{"line":25,"column":8},"end":{"line":25,"column":21}},"1":{"start":{"line":27,"column":8},"end":{"line":29,"column":10}},"2":{"start":{"line":31,"column":8},"end":{"line":31,"column":53}},"3":{"start":{"line":42,"column":8},"end":{"line":51,"column":9}},"4":{"start":{"line":44,"column":16},"end":{"line":44,"column":61}},"5":{"start":{"line":47,"column":16},"end":{"line":47,"column":57}},"6":{"start":{"line":50,"column":16},"end":{"line":50,"column":56}},"7":{"start":{"line":56,"column":8},"end":{"line":58,"column":9}},"8":{"start":{"line":57,"column":12},"end":{"line":57,"column":43}},"9":{"start":{"line":60,"column":8},"end":{"line":71,"column":10}}},"fnMap":{"0":{"name":"(anonymous_0)","decl":{"start":{"line":24,"column":4},"end":{"line":24,"column":5}},"loc":{"start":{"line":24,"column":22},"end":{"line":32,"column":5}},"line":24},"1":{"name":"(anonymous_1)","decl":{"start":{"line":40,"column":4},"end":{"line":40,"column":5}},"loc":{"start":{"line":40,"column":17},"end":{"line":53,"column":5}},"line":40},"2":{"name":"(anonymous_2)","decl":{"start":{"line":54,"column":4},"end":{"line":54,"column":5}},"loc":{"start":{"line":54,"column":13},"end":{"line":72,"column":5}},"line":54}},"branchMap":{"0":{"loc":{"start":{"line":42,"column":8},"end":{"line":51,"column":9}},"type":"switch","locations":[{"start":{"line":43,"column":12},"end":{"line":44,"column":61}},{"start":{"line":46,"column":12},"end":{"line":47,"column":57}},{"start":{"line":49,"column":12},"end":{"line":50,"column":56}}],"line":42},"1":{"loc":{"start":{"line":56,"column":8},"end":{"line":58,"column":9}},"type":"if","locations":[{"start":{"line":56,"column":8},"end":{"line":58,"column":9}},{"start":{"line":56,"column":8},"end":{"line":58,"column":9}}],"line":56},"2":{"loc":{"start":{"line":62,"column":21},"end":{"line":68,"column":21}},"type":"cond-expr","locations":[{"start":{"line":63,"column":24},"end":{"line":65,"column":30}},{"start":{"line":67,"column":24},"end":{"line":67,"column":43}}],"line":62}},"s":{"0":1,"1":1,"2":1,"3":1,"4":0,"5":0,"6":1,"7":1,"8":0,"9":1},"f":{"0":1,"1":1,"2":1},"b":{"0":[0,0,1],"1":[0,1],"2":[1,0]},"_coverageSchema":"332fd63041d2c1bcb487cc26dd0d5f7d97098a6c","hash":"5378a9dbc0676477d15322d85c0c51898bbe4e37"}
,"/Users/sofiakristiansen/Desktop/Grupparbete-projekt/grupp03-redriver/client/src/component/settings/admin/SettingsAdmin.js": {"path":"/Users/sofiakristiansen/Desktop/Grupparbete-projekt/grupp03-redriver/client/src/component/settings/admin/SettingsAdmin.js","statementMap":{"0":{"start":{"line":15,"column":8},"end":{"line":19,"column":10}}},"fnMap":{"0":{"name":"(anonymous_0)","decl":{"start":{"line":14,"column":4},"end":{"line":14,"column":5}},"loc":{"start":{"line":14,"column":13},"end":{"line":20,"column":5}},"line":14}},"branchMap":{},"s":{"0":1},"f":{"0":1},"b":{},"_coverageSchema":"332fd63041d2c1bcb487cc26dd0d5f7d97098a6c","hash":"cbdbeee778b689289797fa52679e36b14e4759e6"}
,"/Users/sofiakristiansen/Desktop/Grupparbete-projekt/grupp03-redriver/client/src/component/settings/superUser/SettingsSuperUser.js": {"path":"/Users/sofiakristiansen/Desktop/Grupparbete-projekt/grupp03-redriver/client/src/component/settings/superUser/SettingsSuperUser.js","statementMap":{"0":{"start":{"line":15,"column":8},"end":{"line":19,"column":10}}},"fnMap":{"0":{"name":"(anonymous_0)","decl":{"start":{"line":14,"column":4},"end":{"line":14,"column":5}},"loc":{"start":{"line":14,"column":13},"end":{"line":20,"column":5}},"line":14}},"branchMap":{},"s":{"0":1},"f":{"0":1},"b":{},"_coverageSchema":"332fd63041d2c1bcb487cc26dd0d5f7d97098a6c","hash":"35e8c778bd4ef181b1b9536d06de32dd7427c2bd"}
,"/Users/sofiakristiansen/Desktop/Grupparbete-projekt/grupp03-redriver/client/src/component/settings/user/SettingsUser.js": {"path":"/Users/sofiakristiansen/Desktop/Grupparbete-projekt/grupp03-redriver/client/src/component/settings/user/SettingsUser.js","statementMap":{"0":{"start":{"line":26,"column":8},"end":{"line":26,"column":21}},"1":{"start":{"line":28,"column":8},"end":{"line":30,"column":10}},"2":{"start":{"line":33,"column":28},"end":{"line":37,"column":5}},"3":{"start":{"line":34,"column":8},"end":{"line":36,"column":11}},"4":{"start":{"line":41,"column":29},"end":{"line":41,"column":39}},"5":{"start":{"line":43,"column":8},"end":{"line":81,"column":10}}},"fnMap":{"0":{"name":"(anonymous_0)","decl":{"start":{"line":25,"column":4},"end":{"line":25,"column":5}},"loc":{"start":{"line":25,"column":22},"end":{"line":31,"column":5}},"line":25},"1":{"name":"(anonymous_1)","decl":{"start":{"line":33,"column":19},"end":{"line":33,"column":20}},"loc":{"start":{"line":33,"column":28},"end":{"line":37,"column":5}},"line":33},"2":{"name":"(anonymous_2)","decl":{"start":{"line":33,"column":28},"end":{"line":33,"column":29}},"loc":{"start":{"line":33,"column":49},"end":{"line":37,"column":5}},"line":33},"3":{"name":"(anonymous_3)","decl":{"start":{"line":39,"column":4},"end":{"line":39,"column":5}},"loc":{"start":{"line":39,"column":13},"end":{"line":82,"column":5}},"line":39}},"branchMap":{"0":{"loc":{"start":{"line":35,"column":22},"end":{"line":35,"column":46}},"type":"cond-expr","locations":[{"start":{"line":35,"column":33},"end":{"line":35,"column":38}},{"start":{"line":35,"column":41},"end":{"line":35,"column":46}}],"line":35}},"s":{"0":2,"1":2,"2":6,"3":0,"4":2,"5":2},"f":{"0":2,"1":6,"2":0,"3":2},"b":{"0":[0,0]},"_coverageSchema":"332fd63041d2c1bcb487cc26dd0d5f7d97098a6c","hash":"68924aae81cc14a1bdbbdbe4fec01b3d0e593805"}
,"/Users/sofiakristiansen/Desktop/Grupparbete-projekt/grupp03-redriver/client/src/component/settings/user/UserDetails.js": {"path":"/Users/sofiakristiansen/Desktop/Grupparbete-projekt/grupp03-redriver/client/src/component/settings/user/UserDetails.js","statementMap":{"0":{"start":{"line":20,"column":8},"end":{"line":20,"column":21}},"1":{"start":{"line":22,"column":8},"end":{"line":37,"column":10}},"2":{"start":{"line":43,"column":8},"end":{"line":55,"column":10}}},"fnMap":{"0":{"name":"(anonymous_0)","decl":{"start":{"line":19,"column":4},"end":{"line":19,"column":5}},"loc":{"start":{"line":19,"column":22},"end":{"line":39,"column":5}},"line":19},"1":{"name":"(anonymous_1)","decl":{"start":{"line":42,"column":4},"end":{"line":42,"column":5}},"loc":{"start":{"line":42,"column":13},"end":{"line":56,"column":5}},"line":42}},"branchMap":{},"s":{"0":3,"1":3,"2":3},"f":{"0":3,"1":3},"b":{},"_coverageSchema":"332fd63041d2c1bcb487cc26dd0d5f7d97098a6c","hash":"ef97e59242abf23bfb1d20b344f9b704f458f705"}
,"/Users/sofiakristiansen/Desktop/Grupparbete-projekt/grupp03-redriver/client/src/examples-for-tests/Link.react.js": {"path":"/Users/sofiakristiansen/Desktop/Grupparbete-projekt/grupp03-redriver/client/src/examples-for-tests/Link.react.js","statementMap":{"0":{"start":{"line":4,"column":15},"end":{"line":7,"column":1}},"1":{"start":{"line":11,"column":4},"end":{"line":11,"column":17}},"2":{"start":{"line":13,"column":4},"end":{"line":13,"column":55}},"3":{"start":{"line":14,"column":4},"end":{"line":14,"column":55}},"4":{"start":{"line":16,"column":4},"end":{"line":18,"column":6}},"5":{"start":{"line":22,"column":4},"end":{"line":22,"column":43}},"6":{"start":{"line":26,"column":4},"end":{"line":26,"column":42}},"7":{"start":{"line":30,"column":4},"end":{"line":39,"column":6}}},"fnMap":{"0":{"name":"(anonymous_0)","decl":{"start":{"line":10,"column":2},"end":{"line":10,"column":3}},"loc":{"start":{"line":10,"column":21},"end":{"line":19,"column":3}},"line":10},"1":{"name":"(anonymous_1)","decl":{"start":{"line":21,"column":18},"end":{"line":21,"column":19}},"loc":{"start":{"line":21,"column":24},"end":{"line":23,"column":3}},"line":21},"2":{"name":"(anonymous_2)","decl":{"start":{"line":25,"column":18},"end":{"line":25,"column":19}},"loc":{"start":{"line":25,"column":24},"end":{"line":27,"column":3}},"line":25},"3":{"name":"(anonymous_3)","decl":{"start":{"line":29,"column":2},"end":{"line":29,"column":3}},"loc":{"start":{"line":29,"column":11},"end":{"line":40,"column":3}},"line":29}},"branchMap":{"0":{"loc":{"start":{"line":33,"column":14},"end":{"line":33,"column":36}},"type":"binary-expr","locations":[{"start":{"line":33,"column":14},"end":{"line":33,"column":29}},{"start":{"line":33,"column":33},"end":{"line":33,"column":36}}],"line":33}},"s":{"0":1,"1":1,"2":1,"3":1,"4":1,"5":1,"6":1,"7":3},"f":{"0":1,"1":1,"2":1,"3":3},"b":{"0":[3,0]},"_coverageSchema":"332fd63041d2c1bcb487cc26dd0d5f7d97098a6c","hash":"97223989d43981892e3f10e66ccb344a85701597"}
,"/Users/sofiakristiansen/Desktop/Grupparbete-projekt/grupp03-redriver/client/src/examples-for-tests/objectAssignment.js": {"path":"/Users/sofiakristiansen/Desktop/Grupparbete-projekt/grupp03-redriver/client/src/examples-for-tests/objectAssignment.js","statementMap":{"0":{"start":{"line":2,"column":15},"end":{"line":2,"column":23}},"1":{"start":{"line":3,"column":2},"end":{"line":3,"column":18}},"2":{"start":{"line":4,"column":2},"end":{"line":4,"column":14}},"3":{"start":{"line":6,"column":0},"end":{"line":6,"column":34}}},"fnMap":{"0":{"name":"ObjectAssignment","decl":{"start":{"line":1,"column":9},"end":{"line":1,"column":25}},"loc":{"start":{"line":1,"column":28},"end":{"line":5,"column":1}},"line":1}},"branchMap":{},"s":{"0":2,"1":2,"2":2,"3":1},"f":{"0":2},"b":{},"_coverageSchema":"332fd63041d2c1bcb487cc26dd0d5f7d97098a6c","hash":"f6bf3f5ba01f4835d3c412c1cfa92b6c58d3f267"}
,"/Users/sofiakristiansen/Desktop/Grupparbete-projekt/grupp03-redriver/client/src/examples-for-tests/sum.js": {"path":"/Users/sofiakristiansen/Desktop/Grupparbete-projekt/grupp03-redriver/client/src/examples-for-tests/sum.js","statementMap":{"0":{"start":{"line":2,"column":2},"end":{"line":2,"column":15}},"1":{"start":{"line":4,"column":0},"end":{"line":4,"column":21}}},"fnMap":{"0":{"name":"Sum","decl":{"start":{"line":1,"column":9},"end":{"line":1,"column":12}},"loc":{"start":{"line":1,"column":19},"end":{"line":3,"column":1}},"line":1}},"branchMap":{},"s":{"0":10,"1":1},"f":{"0":10},"b":{},"_coverageSchema":"332fd63041d2c1bcb487cc26dd0d5f7d97098a6c","hash":"1a21e01bfc8f6afb38ccda637116d7adc54a7a33"}
,"/Users/sofiakristiansen/Desktop/Grupparbete-projekt/grupp03-redriver/client/src/styles/AccountStyles.js": {"path":"/Users/sofiakristiansen/Desktop/Grupparbete-projekt/grupp03-redriver/client/src/styles/AccountStyles.js","statementMap":{"0":{"start":{"line":10,"column":34},"end":{"line":22,"column":1}}},"fnMap":{},"branchMap":{},"s":{"0":2},"f":{},"b":{},"_coverageSchema":"332fd63041d2c1bcb487cc26dd0d5f7d97098a6c","hash":"3382808bd44712f64da3f35391a6d63e78e6ba56"}
,"/Users/sofiakristiansen/Desktop/Grupparbete-projekt/grupp03-redriver/client/src/styles/AppStyles.js": {"path":"/Users/sofiakristiansen/Desktop/Grupparbete-projekt/grupp03-redriver/client/src/styles/AppStyles.js","statementMap":{"0":{"start":{"line":11,"column":18},"end":{"line":36,"column":1}}},"fnMap":{},"branchMap":{},"s":{"0":1},"f":{},"b":{},"_coverageSchema":"332fd63041d2c1bcb487cc26dd0d5f7d97098a6c","hash":"9b68bc07df01db066c2efb8d247a349c5cafc2a2"}
,"/Users/sofiakristiansen/Desktop/Grupparbete-projekt/grupp03-redriver/client/src/styles/AuthStyles.js": {"path":"/Users/sofiakristiansen/Desktop/Grupparbete-projekt/grupp03-redriver/client/src/styles/AuthStyles.js","statementMap":{"0":{"start":{"line":10,"column":31},"end":{"line":71,"column":1}},"1":{"start":{"line":73,"column":28},"end":{"line":127,"column":1}},"2":{"start":{"line":129,"column":34},"end":{"line":133,"column":1}}},"fnMap":{},"branchMap":{},"s":{"0":4,"1":4,"2":4},"f":{},"b":{},"_coverageSchema":"332fd63041d2c1bcb487cc26dd0d5f7d97098a6c","hash":"716b102cbff9ca3c426ba3473eead00da8956a04"}
,"/Users/sofiakristiansen/Desktop/Grupparbete-projekt/grupp03-redriver/client/src/styles/ChatStyles.js": {"path":"/Users/sofiakristiansen/Desktop/Grupparbete-projekt/grupp03-redriver/client/src/styles/ChatStyles.js","statementMap":{"0":{"start":{"line":10,"column":31},"end":{"line":14,"column":1}},"1":{"start":{"line":16,"column":31},"end":{"line":20,"column":1}}},"fnMap":{},"branchMap":{},"s":{"0":3,"1":3},"f":{},"b":{},"_coverageSchema":"332fd63041d2c1bcb487cc26dd0d5f7d97098a6c","hash":"5e1e6a192683d11c66140ab57bb9d1e9f447b167"}
,"/Users/sofiakristiansen/Desktop/Grupparbete-projekt/grupp03-redriver/client/src/styles/FriendsStyles.js": {"path":"/Users/sofiakristiansen/Desktop/Grupparbete-projekt/grupp03-redriver/client/src/styles/FriendsStyles.js","statementMap":{"0":{"start":{"line":10,"column":34},"end":{"line":14,"column":1}},"1":{"start":{"line":16,"column":34},"end":{"line":20,"column":1}}},"fnMap":{},"branchMap":{},"s":{"0":3,"1":3},"f":{},"b":{},"_coverageSchema":"332fd63041d2c1bcb487cc26dd0d5f7d97098a6c","hash":"3ab3064debd67a2a6ade4de78b3582da94af404e"}
,"/Users/sofiakristiansen/Desktop/Grupparbete-projekt/grupp03-redriver/client/src/styles/SettingsStyles.js": {"path":"/Users/sofiakristiansen/Desktop/Grupparbete-projekt/grupp03-redriver/client/src/styles/SettingsStyles.js","statementMap":{"0":{"start":{"line":10,"column":31},"end":{"line":14,"column":1}},"1":{"start":{"line":16,"column":36},"end":{"line":20,"column":1}},"2":{"start":{"line":22,"column":35},"end":{"line":35,"column":1}},"3":{"start":{"line":37,"column":40},"end":{"line":41,"column":1}}},"fnMap":{},"branchMap":{},"s":{"0":6,"1":6,"2":6,"3":6},"f":{},"b":{},"_coverageSchema":"332fd63041d2c1bcb487cc26dd0d5f7d97098a6c","hash":"5150cc04e7ec580e6e5a404c120e7fcee9626e63"}
,"/Users/sofiakristiansen/Desktop/Grupparbete-projekt/grupp03-redriver/client/src/styles/Styles.js": {"path":"/Users/sofiakristiansen/Desktop/Grupparbete-projekt/grupp03-redriver/client/src/styles/Styles.js","statementMap":{"0":{"start":{"line":6,"column":21},"end":{"line":6,"column":30}},"1":{"start":{"line":7,"column":23},"end":{"line":7,"column":32}},"2":{"start":{"line":15,"column":21},"end":{"line":28,"column":2}}},"fnMap":{},"branchMap":{},"s":{"0":14,"1":14,"2":14},"f":{},"b":{},"_coverageSchema":"332fd63041d2c1bcb487cc26dd0d5f7d97098a6c","hash":"f9586eb6e8ceb120659987b3473d4deac6408f16"}
,"/Users/sofiakristiansen/Desktop/Grupparbete-projekt/grupp03-redriver/client/src/utils/Config.js": {"path":"/Users/sofiakristiansen/Desktop/Grupparbete-projekt/grupp03-redriver/client/src/utils/Config.js","statementMap":{"0":{"start":{"line":1,"column":30},"end":{"line":1,"column":67}}},"fnMap":{},"branchMap":{},"s":{"0":3},"f":{},"b":{},"_coverageSchema":"332fd63041d2c1bcb487cc26dd0d5f7d97098a6c","hash":"6b55604b02afff8df2839ab3d4958344b8df5cdd"}
}
