TN:
SF:/Users/sofiakristiansen/Desktop/Grupparbete-projekt/grupp03-redriver/client/src/App.js
FN:50,(anonymous_0)
FN:71,(anonymous_1)
FN:79,(anonymous_2)
FN:94,(anonymous_3)
FN:100,(anonymous_4)
FN:111,(anonymous_5)
FN:124,(anonymous_6)
FN:192,(anonymous_7)
FN:192,(anonymous_8)
FN:204,(anonymous_9)
FN:211,(anonymous_10)
FN:219,(anonymous_11)
FN:241,(anonymous_12)
FN:252,(anonymous_13)
FN:260,(anonymous_14)
FN:273,(anonymous_15)
FN:302,(anonymous_16)
FN:303,(anonymous_17)
FN:304,(anonymous_18)
FN:305,(anonymous_19)
FN:306,(anonymous_20)
FN:307,(anonymous_21)
FN:308,(anonymous_22)
FNF:23
FNH:5
FNDA:1,(anonymous_0)
FNDA:0,(anonymous_1)
FNDA:0,(anonymous_2)
FNDA:0,(anonymous_3)
FNDA:0,(anonymous_4)
FNDA:0,(anonymous_5)
FNDA:1,(anonymous_6)
FNDA:3,(anonymous_7)
FNDA:0,(anonymous_8)
FNDA:1,(anonymous_9)
FNDA:0,(anonymous_10)
FNDA:0,(anonymous_11)
FNDA:0,(anonymous_12)
FNDA:0,(anonymous_13)
FNDA:0,(anonymous_14)
FNDA:1,(anonymous_15)
FNDA:0,(anonymous_16)
FNDA:0,(anonymous_17)
FNDA:0,(anonymous_18)
FNDA:0,(anonymous_19)
FNDA:0,(anonymous_20)
FNDA:0,(anonymous_21)
FNDA:0,(anonymous_22)
DA:51,1
DA:53,1
DA:61,1
DA:62,1
DA:72,0
DA:75,0
DA:76,0
DA:81,0
DA:95,0
DA:100,0
DA:101,0
DA:112,0
DA:125,1
DA:192,3
DA:193,0
DA:206,1
DA:208,0
DA:210,0
DA:212,0
DA:213,0
DA:220,0
DA:227,1
DA:243,0
DA:245,0
DA:247,0
DA:249,0
DA:251,0
DA:253,0
DA:254,0
DA:261,0
DA:275,1
DA:302,0
DA:303,0
DA:304,0
DA:305,0
DA:306,0
DA:307,0
DA:308,0
LF:38
LH:9
BRDA:206,0,0,0
BRDA:206,0,1,1
BRDA:243,1,0,0
BRDA:243,1,1,0
BRDA:247,2,0,0
BRDA:247,2,1,0
BRDA:249,3,0,0
BRDA:249,3,1,0
BRDA:278,4,0,1
BRDA:278,4,1,0
BRDA:292,5,0,0
BRDA:292,5,1,1
BRF:12
BRH:3
end_of_record
TN:
SF:/Users/sofiakristiansen/Desktop/Grupparbete-projekt/grupp03-redriver/client/src/LocalStorageMock.js
FN:2,(anonymous_0)
FN:6,(anonymous_1)
FN:10,(anonymous_2)
FN:14,(anonymous_3)
FN:18,(anonymous_4)
FNF:5
FNH:2
FNDA:18,(anonymous_0)
FNDA:0,(anonymous_1)
FNDA:1,(anonymous_2)
FNDA:0,(anonymous_3)
FNDA:0,(anonymous_4)
DA:3,18
DA:7,0
DA:11,1
DA:15,0
DA:19,0
DA:23,18
LF:6
LH:3
BRDA:11,0,0,1
BRDA:11,0,1,1
BRF:2
BRH:2
end_of_record
TN:
SF:/Users/sofiakristiansen/Desktop/Grupparbete-projekt/grupp03-redriver/client/src/component/account/UserAccount.js
FN:20,(anonymous_0)
FN:29,(anonymous_1)
FNF:2
FNH:2
FNDA:1,(anonymous_0)
FNDA:1,(anonymous_1)
DA:21,1
DA:23,1
DA:31,1
DA:32,0
DA:35,1
LF:5
LH:4
BRDA:31,0,0,0
BRDA:31,0,1,1
BRF:2
BRH:1
end_of_record
TN:
SF:/Users/sofiakristiansen/Desktop/Grupparbete-projekt/grupp03-redriver/client/src/component/authentication/Login.js
FN:27,(anonymous_0)
FN:45,(anonymous_1)
FN:45,(anonymous_2)
FN:57,(anonymous_3)
FN:68,(anonymous_4)
FN:74,(anonymous_5)
FN:86,(anonymous_6)
FN:104,(anonymous_7)
FNF:8
FNH:3
FNDA:1,(anonymous_0)
FNDA:3,(anonymous_1)
FNDA:0,(anonymous_2)
FNDA:0,(anonymous_3)
FNDA:0,(anonymous_4)
FNDA:0,(anonymous_5)
FNDA:0,(anonymous_6)
FNDA:1,(anonymous_7)
DA:28,1
DA:30,1
DA:36,1
DA:45,3
DA:46,0
DA:59,0
DA:61,0
DA:63,0
DA:67,0
DA:70,0
DA:71,0
DA:72,0
DA:75,0
DA:76,0
DA:88,0
DA:94,0
DA:96,0
DA:106,1
DA:107,0
DA:110,1
LF:20
LH:6
BRDA:61,0,0,0
BRDA:61,0,1,0
BRDA:61,1,0,0
BRDA:61,1,1,0
BRDA:61,1,2,0
BRDA:106,2,0,0
BRDA:106,2,1,1
BRF:7
BRH:1
end_of_record
TN:
SF:/Users/sofiakristiansen/Desktop/Grupparbete-projekt/grupp03-redriver/client/src/component/authentication/NewPassword.js
FN:14,(anonymous_0)
FNF:1
FNH:1
FNDA:1,(anonymous_0)
DA:15,1
LF:1
LH:1
BRF:0
BRH:0
end_of_record
TN:
SF:/Users/sofiakristiansen/Desktop/Grupparbete-projekt/grupp03-redriver/client/src/component/authentication/Register.js
FN:26,(anonymous_0)
FN:55,(anonymous_1)
FN:55,(anonymous_2)
FN:67,(anonymous_3)
FN:84,(anonymous_4)
FN:90,(anonymous_5)
FN:103,(anonymous_6)
FN:130,(anonymous_7)
FN:254,(anonymous_8)
FNF:9
FNH:3
FNDA:1,(anonymous_0)
FNDA:12,(anonymous_1)
FNDA:0,(anonymous_2)
FNDA:0,(anonymous_3)
FNDA:0,(anonymous_4)
FNDA:0,(anonymous_5)
FNDA:0,(anonymous_6)
FNDA:1,(anonymous_7)
FNDA:0,(anonymous_8)
DA:27,1
DA:29,1
DA:46,1
DA:55,12
DA:56,0
DA:69,0
DA:71,0
DA:72,0
DA:74,0
DA:75,0
DA:79,0
DA:80,0
DA:83,0
DA:86,0
DA:87,0
DA:88,0
DA:91,0
DA:92,0
DA:105,0
DA:119,0
DA:121,0
DA:132,1
DA:134,1
DA:135,0
DA:138,1
DA:255,0
DA:256,0
LF:27
LH:7
BRDA:74,0,0,0
BRDA:74,0,1,0
BRDA:79,1,0,0
BRDA:79,1,1,0
BRDA:134,2,0,0
BRDA:134,2,1,1
BRDA:255,3,0,0
BRDA:255,3,1,0
BRF:8
BRH:1
end_of_record
TN:
SF:/Users/sofiakristiansen/Desktop/Grupparbete-projekt/grupp03-redriver/client/src/component/chat/ChatList.js
FN:15,(anonymous_0)
FNF:1
FNH:1
FNDA:1,(anonymous_0)
DA:17,1
DA:18,0
DA:21,1
LF:3
LH:2
BRDA:17,0,0,0
BRDA:17,0,1,1
BRF:2
BRH:1
end_of_record
TN:
SF:/Users/sofiakristiansen/Desktop/Grupparbete-projekt/grupp03-redriver/client/src/component/chat/ChatView.js
FN:14,(anonymous_0)
FNF:1
FNH:1
FNDA:1,(anonymous_0)
DA:15,1
LF:1
LH:1
BRF:0
BRH:0
end_of_record
TN:
SF:/Users/sofiakristiansen/Desktop/Grupparbete-projekt/grupp03-redriver/client/src/component/friends/FriendsList.js
FN:15,(anonymous_0)
FNF:1
FNH:1
FNDA:1,(anonymous_0)
DA:17,1
DA:18,0
DA:21,1
LF:3
LH:2
BRDA:17,0,0,0
BRDA:17,0,1,1
BRF:2
BRH:1
end_of_record
TN:
SF:/Users/sofiakristiansen/Desktop/Grupparbete-projekt/grupp03-redriver/client/src/component/friends/FriendsView.js
FN:16,(anonymous_0)
FNF:1
FNH:1
FNDA:1,(anonymous_0)
DA:18,1
DA:19,0
DA:22,1
LF:3
LH:2
BRDA:18,0,0,0
BRDA:18,0,1,1
BRF:2
BRH:1
end_of_record
TN:
SF:/Users/sofiakristiansen/Desktop/Grupparbete-projekt/grupp03-redriver/client/src/component/settings/Settings.js
FN:24,(anonymous_0)
FN:40,(anonymous_1)
FN:54,(anonymous_2)
FNF:3
FNH:3
FNDA:1,(anonymous_0)
FNDA:1,(anonymous_1)
FNDA:1,(anonymous_2)
DA:25,1
DA:27,1
DA:31,1
DA:42,1
DA:44,0
DA:47,0
DA:50,1
DA:56,1
DA:57,0
DA:60,1
LF:10
LH:7
BRDA:42,0,0,0
BRDA:42,0,1,0
BRDA:42,0,2,1
BRDA:56,1,0,0
BRDA:56,1,1,1
BRDA:62,2,0,1
BRDA:62,2,1,0
BRF:7
BRH:3
end_of_record
TN:
SF:/Users/sofiakristiansen/Desktop/Grupparbete-projekt/grupp03-redriver/client/src/component/settings/admin/SettingsAdmin.js
FN:14,(anonymous_0)
FNF:1
FNH:1
FNDA:1,(anonymous_0)
DA:15,1
LF:1
LH:1
BRF:0
BRH:0
end_of_record
TN:
SF:/Users/sofiakristiansen/Desktop/Grupparbete-projekt/grupp03-redriver/client/src/component/settings/superUser/SettingsSuperUser.js
FN:14,(anonymous_0)
FNF:1
FNH:1
FNDA:1,(anonymous_0)
DA:15,1
LF:1
LH:1
BRF:0
BRH:0
end_of_record
TN:
SF:/Users/sofiakristiansen/Desktop/Grupparbete-projekt/grupp03-redriver/client/src/component/settings/user/SettingsUser.js
FN:25,(anonymous_0)
FN:33,(anonymous_1)
FN:33,(anonymous_2)
FN:39,(anonymous_3)
FNF:4
FNH:3
FNDA:2,(anonymous_0)
FNDA:6,(anonymous_1)
FNDA:0,(anonymous_2)
FNDA:2,(anonymous_3)
DA:26,2
DA:28,2
DA:33,6
DA:34,0
DA:41,2
DA:43,2
LF:6
LH:5
BRDA:35,0,0,0
BRDA:35,0,1,0
BRF:2
BRH:0
end_of_record
TN:
SF:/Users/sofiakristiansen/Desktop/Grupparbete-projekt/grupp03-redriver/client/src/component/settings/user/UserDetails.js
FN:19,(anonymous_0)
FN:42,(anonymous_1)
FNF:2
FNH:2
FNDA:3,(anonymous_0)
FNDA:3,(anonymous_1)
DA:20,3
DA:22,3
DA:43,3
LF:3
LH:3
BRF:0
BRH:0
end_of_record
TN:
SF:/Users/sofiakristiansen/Desktop/Grupparbete-projekt/grupp03-redriver/client/src/examples-for-tests/Link.react.js
FN:10,(anonymous_0)
FN:21,(anonymous_1)
FN:25,(anonymous_2)
FN:29,(anonymous_3)
FNF:4
FNH:4
FNDA:1,(anonymous_0)
FNDA:1,(anonymous_1)
FNDA:1,(anonymous_2)
FNDA:3,(anonymous_3)
DA:4,1
DA:11,1
DA:13,1
DA:14,1
DA:16,1
DA:22,1
DA:26,1
DA:30,3
LF:8
LH:8
BRDA:33,0,0,3
BRDA:33,0,1,0
BRF:2
BRH:1
end_of_record
TN:
SF:/Users/sofiakristiansen/Desktop/Grupparbete-projekt/grupp03-redriver/client/src/examples-for-tests/objectAssignment.js
FN:1,ObjectAssignment
FNF:1
FNH:1
FNDA:2,ObjectAssignment
DA:2,2
DA:3,2
DA:4,2
DA:6,1
LF:4
LH:4
BRF:0
BRH:0
end_of_record
TN:
SF:/Users/sofiakristiansen/Desktop/Grupparbete-projekt/grupp03-redriver/client/src/examples-for-tests/sum.js
FN:1,Sum
FNF:1
FNH:1
FNDA:10,Sum
DA:2,10
DA:4,1
LF:2
LH:2
BRF:0
BRH:0
end_of_record
TN:
SF:/Users/sofiakristiansen/Desktop/Grupparbete-projekt/grupp03-redriver/client/src/styles/AccountStyles.js
FNF:0
FNH:0
DA:10,2
LF:1
LH:1
BRF:0
BRH:0
end_of_record
TN:
SF:/Users/sofiakristiansen/Desktop/Grupparbete-projekt/grupp03-redriver/client/src/styles/AppStyles.js
FNF:0
FNH:0
DA:11,1
LF:1
LH:1
BRF:0
BRH:0
end_of_record
TN:
SF:/Users/sofiakristiansen/Desktop/Grupparbete-projekt/grupp03-redriver/client/src/styles/AuthStyles.js
FNF:0
FNH:0
DA:10,4
DA:73,4
DA:129,4
LF:3
LH:3
BRF:0
BRH:0
end_of_record
TN:
SF:/Users/sofiakristiansen/Desktop/Grupparbete-projekt/grupp03-redriver/client/src/styles/ChatStyles.js
FNF:0
FNH:0
DA:10,3
DA:16,3
LF:2
LH:2
BRF:0
BRH:0
end_of_record
TN:
SF:/Users/sofiakristiansen/Desktop/Grupparbete-projekt/grupp03-redriver/client/src/styles/FriendsStyles.js
FNF:0
FNH:0
DA:10,3
DA:16,3
LF:2
LH:2
BRF:0
BRH:0
end_of_record
TN:
SF:/Users/sofiakristiansen/Desktop/Grupparbete-projekt/grupp03-redriver/client/src/styles/SettingsStyles.js
FNF:0
FNH:0
DA:10,6
DA:16,6
DA:22,6
DA:37,6
LF:4
LH:4
BRF:0
BRH:0
end_of_record
TN:
SF:/Users/sofiakristiansen/Desktop/Grupparbete-projekt/grupp03-redriver/client/src/styles/Styles.js
FNF:0
FNH:0
DA:6,14
DA:7,14
DA:15,14
LF:3
LH:3
BRF:0
BRH:0
end_of_record
TN:
SF:/Users/sofiakristiansen/Desktop/Grupparbete-projekt/grupp03-redriver/client/src/utils/Config.js
FNF:0
FNH:0
DA:1,3
LF:1
LH:1
BRF:0
BRH:0
end_of_record
